  [1m[36m (0.9ms)[0m  [1mCREATE TABLE "schema_migrations" ("version" varchar NOT NULL) [0m
  [1m[35m (0.1ms)[0m  select sqlite_version(*)
  [1m[36m (0.7ms)[0m  [1mCREATE UNIQUE INDEX "unique_schema_migrations" ON "schema_migrations" ("version")[0m
  [1m[35mActiveRecord::SchemaMigration Load (0.1ms)[0m  SELECT "schema_migrations".* FROM "schema_migrations"
Migrating to CreateProducts (20160413194754)
  [1m[36m (0.1ms)[0m  [1mbegin transaction[0m
  [1m[35m (0.4ms)[0m  CREATE TABLE "products" ("id" INTEGER PRIMARY KEY AUTOINCREMENT NOT NULL, "name" varchar, "description" text, "price_in_cents" integer, "created_at" datetime NOT NULL, "updated_at" datetime NOT NULL) 
  [1m[36mSQL (0.2ms)[0m  [1mINSERT INTO "schema_migrations" ("version") VALUES (?)[0m  [["version", "20160413194754"]]
  [1m[35m (0.7ms)[0m  commit transaction
  [1m[36mActiveRecord::SchemaMigration Load (0.1ms)[0m  [1mSELECT "schema_migrations".* FROM "schema_migrations"[0m


Started GET "/products" for ::1 at 2016-04-13 16:44:16 -0400
  [1m[36mActiveRecord::SchemaMigration Load (0.1ms)[0m  [1mSELECT "schema_migrations".* FROM "schema_migrations"[0m
Processing by ProductsController#index as HTML
  Rendered products/index.html.erb within layouts/application (4.9ms)
Completed 200 OK in 1437ms (Views: 1427.1ms | ActiveRecord: 0.0ms)


Started GET "/products" for ::1 at 2016-04-13 16:59:10 -0400
Processing by ProductsController#index as HTML
  [1m[35mProduct Load (0.4ms)[0m  SELECT "products".* FROM "products"
  Rendered products/index.html.erb within layouts/application (6.4ms)
Completed 200 OK in 30ms (Views: 25.5ms | ActiveRecord: 1.7ms)


Started GET "/products/show" for ::1 at 2016-04-13 16:59:18 -0400
Processing by ProductsController#show as HTML
  Parameters: {"id"=>"show"}
  [1m[36mProduct Load (0.3ms)[0m  [1mSELECT  "products".* FROM "products" WHERE "products"."id" = ? LIMIT 1[0m  [["id", 0]]
Completed 404 Not Found in 12ms (ActiveRecord: 0.5ms)

ActiveRecord::RecordNotFound (Couldn't find Product with 'id'=show):
  app/controllers/products_controller.rb:7:in `show'


  Rendered /Users/kexinwu/.gem/ruby/2.3.0/gems/actionpack-4.2.6/lib/action_dispatch/middleware/templates/rescues/_source.erb (9.8ms)
  Rendered /Users/kexinwu/.gem/ruby/2.3.0/gems/actionpack-4.2.6/lib/action_dispatch/middleware/templates/rescues/_trace.html.erb (4.2ms)
  Rendered /Users/kexinwu/.gem/ruby/2.3.0/gems/actionpack-4.2.6/lib/action_dispatch/middleware/templates/rescues/_request_and_response.html.erb (0.9ms)
  Rendered /Users/kexinwu/.gem/ruby/2.3.0/gems/actionpack-4.2.6/lib/action_dispatch/middleware/templates/rescues/diagnostics.html.erb within rescues/layout (56.7ms)
  Rendered /Users/kexinwu/.rbenv/versions/2.3.0/lib/ruby/gems/2.3.0/gems/web-console-2.3.0/lib/web_console/templates/_markup.html.erb (0.4ms)
  Rendered /Users/kexinwu/.rbenv/versions/2.3.0/lib/ruby/gems/2.3.0/gems/web-console-2.3.0/lib/web_console/templates/_inner_console_markup.html.erb within layouts/inlined_string (0.4ms)
  Rendered /Users/kexinwu/.rbenv/versions/2.3.0/lib/ruby/gems/2.3.0/gems/web-console-2.3.0/lib/web_console/templates/_prompt_box_markup.html.erb within layouts/inlined_string (0.4ms)
  Rendered /Users/kexinwu/.rbenv/versions/2.3.0/lib/ruby/gems/2.3.0/gems/web-console-2.3.0/lib/web_console/templates/style.css.erb within layouts/inlined_string (0.5ms)
  Rendered /Users/kexinwu/.rbenv/versions/2.3.0/lib/ruby/gems/2.3.0/gems/web-console-2.3.0/lib/web_console/templates/console.js.erb within layouts/javascript (63.8ms)
  Rendered /Users/kexinwu/.rbenv/versions/2.3.0/lib/ruby/gems/2.3.0/gems/web-console-2.3.0/lib/web_console/templates/main.js.erb within layouts/javascript (0.3ms)
  Rendered /Users/kexinwu/.rbenv/versions/2.3.0/lib/ruby/gems/2.3.0/gems/web-console-2.3.0/lib/web_console/templates/error_page.js.erb within layouts/javascript (0.7ms)
  Rendered /Users/kexinwu/.rbenv/versions/2.3.0/lib/ruby/gems/2.3.0/gems/web-console-2.3.0/lib/web_console/templates/index.html.erb (132.9ms)


Started GET "/products/show" for ::1 at 2016-04-13 16:59:18 -0400
Processing by ProductsController#show as HTML
  Parameters: {"id"=>"show"}
  [1m[35mProduct Load (0.1ms)[0m  SELECT  "products".* FROM "products" WHERE "products"."id" = ? LIMIT 1  [["id", 0]]
Completed 404 Not Found in 1ms (ActiveRecord: 0.1ms)

ActiveRecord::RecordNotFound (Couldn't find Product with 'id'=show):
  app/controllers/products_controller.rb:7:in `show'


  Rendered /Users/kexinwu/.gem/ruby/2.3.0/gems/actionpack-4.2.6/lib/action_dispatch/middleware/templates/rescues/_source.erb (7.1ms)
  Rendered /Users/kexinwu/.gem/ruby/2.3.0/gems/actionpack-4.2.6/lib/action_dispatch/middleware/templates/rescues/_trace.html.erb (4.3ms)
  Rendered /Users/kexinwu/.gem/ruby/2.3.0/gems/actionpack-4.2.6/lib/action_dispatch/middleware/templates/rescues/_request_and_response.html.erb (1.2ms)
  Rendered /Users/kexinwu/.gem/ruby/2.3.0/gems/actionpack-4.2.6/lib/action_dispatch/middleware/templates/rescues/diagnostics.html.erb within rescues/layout (50.6ms)
  Rendered /Users/kexinwu/.rbenv/versions/2.3.0/lib/ruby/gems/2.3.0/gems/web-console-2.3.0/lib/web_console/templates/_markup.html.erb (0.6ms)
  Rendered /Users/kexinwu/.rbenv/versions/2.3.0/lib/ruby/gems/2.3.0/gems/web-console-2.3.0/lib/web_console/templates/_inner_console_markup.html.erb within layouts/inlined_string (0.3ms)
  Rendered /Users/kexinwu/.rbenv/versions/2.3.0/lib/ruby/gems/2.3.0/gems/web-console-2.3.0/lib/web_console/templates/_prompt_box_markup.html.erb within layouts/inlined_string (0.3ms)
  Rendered /Users/kexinwu/.rbenv/versions/2.3.0/lib/ruby/gems/2.3.0/gems/web-console-2.3.0/lib/web_console/templates/style.css.erb within layouts/inlined_string (0.3ms)
  Rendered /Users/kexinwu/.rbenv/versions/2.3.0/lib/ruby/gems/2.3.0/gems/web-console-2.3.0/lib/web_console/templates/console.js.erb within layouts/javascript (55.8ms)
  Rendered /Users/kexinwu/.rbenv/versions/2.3.0/lib/ruby/gems/2.3.0/gems/web-console-2.3.0/lib/web_console/templates/main.js.erb within layouts/javascript (0.7ms)
  Rendered /Users/kexinwu/.rbenv/versions/2.3.0/lib/ruby/gems/2.3.0/gems/web-console-2.3.0/lib/web_console/templates/error_page.js.erb within layouts/javascript (0.7ms)
  Rendered /Users/kexinwu/.rbenv/versions/2.3.0/lib/ruby/gems/2.3.0/gems/web-console-2.3.0/lib/web_console/templates/index.html.erb (117.9ms)


Started GET "/products/new" for ::1 at 2016-04-13 17:01:33 -0400
Processing by ProductsController#new as HTML
  Rendered products/_form.html.erb (22.5ms)
  Rendered products/new.html.erb within layouts/application (24.1ms)
Completed 200 OK in 46ms (Views: 38.0ms | ActiveRecord: 0.0ms)


Started GET "/products/new" for ::1 at 2016-04-13 17:01:33 -0400
Processing by ProductsController#new as HTML
  Rendered products/_form.html.erb (2.1ms)
  Rendered products/new.html.erb within layouts/application (3.2ms)
Completed 200 OK in 20ms (Views: 19.0ms | ActiveRecord: 0.0ms)


Started GET "/products/new" for ::1 at 2016-04-13 17:02:00 -0400
Processing by ProductsController#new as HTML
  Rendered products/_form.html.erb (1.4ms)
  Rendered products/new.html.erb within layouts/application (2.3ms)
Completed 200 OK in 18ms (Views: 17.3ms | ActiveRecord: 0.0ms)


Started GET "/products/new" for ::1 at 2016-04-13 17:02:04 -0400
Processing by ProductsController#new as HTML
  Rendered products/_form.html.erb (1.4ms)
  Rendered products/new.html.erb within layouts/application (2.3ms)
Completed 200 OK in 15ms (Views: 14.0ms | ActiveRecord: 0.0ms)


Started GET "/products/new" for ::1 at 2016-04-13 17:04:45 -0400
Processing by ProductsController#new as HTML
  Rendered products/_form.html.erb (1.8ms)
  Rendered products/new.html.erb within layouts/application (2.7ms)
Completed 200 OK in 19ms (Views: 18.9ms | ActiveRecord: 0.0ms)


Started POST "/products" for ::1 at 2016-04-13 17:05:09 -0400
Processing by ProductsController#create as HTML
  Parameters: {"utf8"=>"✓", "authenticity_token"=>"zKUvJHhNhPKU+jUDVJ4lDpqbcCgf/lGoKZrQMDwEwNDcBWtYBmN9vnRWNy09UhAG7OC4xwLjSBfpqzKIEFWBWw==", "product"=>{"name"=>"Running Shoes", "description"=>"size 8", "price_in_cents"=>"390"}, "commit"=>"Create Product"}
Completed 500 Internal Server Error in 13ms (ActiveRecord: 0.0ms)

NameError (undefined local variable or method `product_params' for #<ProductsController:0x007fbb8676f8b0>
Did you mean?  product_path):
  app/controllers/products_controller.rb:35:in `create'


  Rendered /Users/kexinwu/.gem/ruby/2.3.0/gems/actionpack-4.2.6/lib/action_dispatch/middleware/templates/rescues/_source.erb (3.4ms)
  Rendered /Users/kexinwu/.gem/ruby/2.3.0/gems/actionpack-4.2.6/lib/action_dispatch/middleware/templates/rescues/_trace.html.erb (1.7ms)
  Rendered /Users/kexinwu/.gem/ruby/2.3.0/gems/actionpack-4.2.6/lib/action_dispatch/middleware/templates/rescues/_request_and_response.html.erb (0.8ms)
  Rendered /Users/kexinwu/.gem/ruby/2.3.0/gems/actionpack-4.2.6/lib/action_dispatch/middleware/templates/rescues/diagnostics.html.erb within rescues/layout (43.8ms)
  Rendered /Users/kexinwu/.rbenv/versions/2.3.0/lib/ruby/gems/2.3.0/gems/web-console-2.3.0/lib/web_console/templates/_markup.html.erb (0.4ms)
  Rendered /Users/kexinwu/.rbenv/versions/2.3.0/lib/ruby/gems/2.3.0/gems/web-console-2.3.0/lib/web_console/templates/_inner_console_markup.html.erb within layouts/inlined_string (0.3ms)
  Rendered /Users/kexinwu/.rbenv/versions/2.3.0/lib/ruby/gems/2.3.0/gems/web-console-2.3.0/lib/web_console/templates/_prompt_box_markup.html.erb within layouts/inlined_string (0.3ms)
  Rendered /Users/kexinwu/.rbenv/versions/2.3.0/lib/ruby/gems/2.3.0/gems/web-console-2.3.0/lib/web_console/templates/style.css.erb within layouts/inlined_string (0.3ms)
  Rendered /Users/kexinwu/.rbenv/versions/2.3.0/lib/ruby/gems/2.3.0/gems/web-console-2.3.0/lib/web_console/templates/console.js.erb within layouts/javascript (53.8ms)
  Rendered /Users/kexinwu/.rbenv/versions/2.3.0/lib/ruby/gems/2.3.0/gems/web-console-2.3.0/lib/web_console/templates/main.js.erb within layouts/javascript (0.3ms)
  Rendered /Users/kexinwu/.rbenv/versions/2.3.0/lib/ruby/gems/2.3.0/gems/web-console-2.3.0/lib/web_console/templates/error_page.js.erb within layouts/javascript (0.4ms)
  Rendered /Users/kexinwu/.rbenv/versions/2.3.0/lib/ruby/gems/2.3.0/gems/web-console-2.3.0/lib/web_console/templates/index.html.erb (114.7ms)


Started GET "/products" for ::1 at 2016-04-13 17:10:15 -0400
Processing by ProductsController#index as HTML
  [1m[36mProduct Load (0.2ms)[0m  [1mSELECT "products".* FROM "products"[0m
  Rendered products/index.html.erb within layouts/application (1.1ms)
Completed 200 OK in 16ms (Views: 13.9ms | ActiveRecord: 0.3ms)


Started GET "/products/new" for ::1 at 2016-04-13 17:10:18 -0400
Processing by ProductsController#new as HTML
  Rendered products/_form.html.erb (1.9ms)
  Rendered products/new.html.erb within layouts/application (2.9ms)
Completed 200 OK in 18ms (Views: 14.6ms | ActiveRecord: 0.2ms)


Started GET "/products/new" for ::1 at 2016-04-13 17:10:19 -0400
Processing by ProductsController#new as HTML
  Rendered products/_form.html.erb (1.4ms)
  Rendered products/new.html.erb within layouts/application (2.3ms)
Completed 200 OK in 16ms (Views: 15.8ms | ActiveRecord: 0.0ms)


Started POST "/products" for ::1 at 2016-04-13 17:10:30 -0400
Processing by ProductsController#create as HTML
  Parameters: {"utf8"=>"✓", "authenticity_token"=>"cm/nAOePx/HUtPaskTcQyKQo6QjVFPFynMQKTy6XFaxiz6N8maE+vTQY9IL4+yXA0lMh58gJ6M1c9ej3AsZUJw==", "product"=>{"name"=>"Running Shoes", "description"=>"size 8", "price_in_cents"=>"360"}, "commit"=>"Create Product"}
Completed 500 Internal Server Error in 14ms (ActiveRecord: 0.0ms)

NameError (undefined local variable or method `product_params' for #<ProductsController:0x007fbb86170478>
Did you mean?  product_path):
  app/controllers/products_controller.rb:35:in `create'


  Rendered /Users/kexinwu/.gem/ruby/2.3.0/gems/actionpack-4.2.6/lib/action_dispatch/middleware/templates/rescues/_source.erb (4.3ms)
  Rendered /Users/kexinwu/.gem/ruby/2.3.0/gems/actionpack-4.2.6/lib/action_dispatch/middleware/templates/rescues/_trace.html.erb (1.7ms)
  Rendered /Users/kexinwu/.gem/ruby/2.3.0/gems/actionpack-4.2.6/lib/action_dispatch/middleware/templates/rescues/_request_and_response.html.erb (0.8ms)
  Rendered /Users/kexinwu/.gem/ruby/2.3.0/gems/actionpack-4.2.6/lib/action_dispatch/middleware/templates/rescues/diagnostics.html.erb within rescues/layout (45.6ms)
  Rendered /Users/kexinwu/.rbenv/versions/2.3.0/lib/ruby/gems/2.3.0/gems/web-console-2.3.0/lib/web_console/templates/_markup.html.erb (0.4ms)
  Rendered /Users/kexinwu/.rbenv/versions/2.3.0/lib/ruby/gems/2.3.0/gems/web-console-2.3.0/lib/web_console/templates/_inner_console_markup.html.erb within layouts/inlined_string (0.4ms)
  Rendered /Users/kexinwu/.rbenv/versions/2.3.0/lib/ruby/gems/2.3.0/gems/web-console-2.3.0/lib/web_console/templates/_prompt_box_markup.html.erb within layouts/inlined_string (0.6ms)
  Rendered /Users/kexinwu/.rbenv/versions/2.3.0/lib/ruby/gems/2.3.0/gems/web-console-2.3.0/lib/web_console/templates/style.css.erb within layouts/inlined_string (0.3ms)
  Rendered /Users/kexinwu/.rbenv/versions/2.3.0/lib/ruby/gems/2.3.0/gems/web-console-2.3.0/lib/web_console/templates/console.js.erb within layouts/javascript (51.9ms)
  Rendered /Users/kexinwu/.rbenv/versions/2.3.0/lib/ruby/gems/2.3.0/gems/web-console-2.3.0/lib/web_console/templates/main.js.erb within layouts/javascript (0.2ms)
  Rendered /Users/kexinwu/.rbenv/versions/2.3.0/lib/ruby/gems/2.3.0/gems/web-console-2.3.0/lib/web_console/templates/error_page.js.erb within layouts/javascript (0.4ms)
  Rendered /Users/kexinwu/.rbenv/versions/2.3.0/lib/ruby/gems/2.3.0/gems/web-console-2.3.0/lib/web_console/templates/index.html.erb (116.5ms)


Started GET "/products" for ::1 at 2016-04-13 17:10:43 -0400
Processing by ProductsController#index as HTML
  [1m[35mProduct Load (0.2ms)[0m  SELECT "products".* FROM "products"
  Rendered products/index.html.erb within layouts/application (1.1ms)
Completed 200 OK in 23ms (Views: 20.4ms | ActiveRecord: 0.3ms)


Started GET "/products/new" for ::1 at 2016-04-13 17:10:47 -0400
Processing by ProductsController#new as HTML
  Rendered products/_form.html.erb (2.1ms)
  Rendered products/new.html.erb within layouts/application (3.1ms)
Completed 200 OK in 18ms (Views: 14.5ms | ActiveRecord: 0.2ms)


Started GET "/products/new" for ::1 at 2016-04-13 17:10:47 -0400
Processing by ProductsController#new as HTML
  Rendered products/_form.html.erb (3.8ms)
  Rendered products/new.html.erb within layouts/application (5.9ms)
Completed 200 OK in 19ms (Views: 18.5ms | ActiveRecord: 0.0ms)


Started POST "/products" for ::1 at 2016-04-13 17:10:54 -0400
Processing by ProductsController#create as HTML
  Parameters: {"utf8"=>"✓", "authenticity_token"=>"xiFdRb7mKkq6FX416B/UwDktNTf4Kaio6K4ZGSK6SKTWgRk5wMjTBlq5fBuB0+HIT1b92OU0sRcon/uhDusJLw==", "product"=>{"name"=>"d", "description"=>"d", "price_in_cents"=>"2889"}, "commit"=>"Create Product"}
Completed 500 Internal Server Error in 14ms (ActiveRecord: 0.0ms)

NameError (undefined local variable or method `product_params' for #<ProductsController:0x007fbb82900868>
Did you mean?  product_path):
  app/controllers/products_controller.rb:35:in `create'


  Rendered /Users/kexinwu/.gem/ruby/2.3.0/gems/actionpack-4.2.6/lib/action_dispatch/middleware/templates/rescues/_source.erb (3.0ms)
  Rendered /Users/kexinwu/.gem/ruby/2.3.0/gems/actionpack-4.2.6/lib/action_dispatch/middleware/templates/rescues/_trace.html.erb (1.7ms)
  Rendered /Users/kexinwu/.gem/ruby/2.3.0/gems/actionpack-4.2.6/lib/action_dispatch/middleware/templates/rescues/_request_and_response.html.erb (0.7ms)
  Rendered /Users/kexinwu/.gem/ruby/2.3.0/gems/actionpack-4.2.6/lib/action_dispatch/middleware/templates/rescues/diagnostics.html.erb within rescues/layout (44.9ms)
  Rendered /Users/kexinwu/.rbenv/versions/2.3.0/lib/ruby/gems/2.3.0/gems/web-console-2.3.0/lib/web_console/templates/_markup.html.erb (0.4ms)
  Rendered /Users/kexinwu/.rbenv/versions/2.3.0/lib/ruby/gems/2.3.0/gems/web-console-2.3.0/lib/web_console/templates/_inner_console_markup.html.erb within layouts/inlined_string (0.3ms)
  Rendered /Users/kexinwu/.rbenv/versions/2.3.0/lib/ruby/gems/2.3.0/gems/web-console-2.3.0/lib/web_console/templates/_prompt_box_markup.html.erb within layouts/inlined_string (0.3ms)
  Rendered /Users/kexinwu/.rbenv/versions/2.3.0/lib/ruby/gems/2.3.0/gems/web-console-2.3.0/lib/web_console/templates/style.css.erb within layouts/inlined_string (0.3ms)
  Rendered /Users/kexinwu/.rbenv/versions/2.3.0/lib/ruby/gems/2.3.0/gems/web-console-2.3.0/lib/web_console/templates/console.js.erb within layouts/javascript (50.2ms)
  Rendered /Users/kexinwu/.rbenv/versions/2.3.0/lib/ruby/gems/2.3.0/gems/web-console-2.3.0/lib/web_console/templates/main.js.erb within layouts/javascript (0.3ms)
  Rendered /Users/kexinwu/.rbenv/versions/2.3.0/lib/ruby/gems/2.3.0/gems/web-console-2.3.0/lib/web_console/templates/error_page.js.erb within layouts/javascript (0.4ms)
  Rendered /Users/kexinwu/.rbenv/versions/2.3.0/lib/ruby/gems/2.3.0/gems/web-console-2.3.0/lib/web_console/templates/index.html.erb (109.2ms)


Started GET "/products" for ::1 at 2016-04-13 17:11:02 -0400
Processing by ProductsController#index as HTML
  [1m[36mProduct Load (0.2ms)[0m  [1mSELECT "products".* FROM "products"[0m
  Rendered products/index.html.erb within layouts/application (1.2ms)
Completed 200 OK in 16ms (Views: 13.5ms | ActiveRecord: 0.4ms)


Started GET "/products/new" for ::1 at 2016-04-13 17:11:04 -0400
Processing by ProductsController#new as HTML
  Rendered products/_form.html.erb (1.8ms)
  Rendered products/new.html.erb within layouts/application (3.1ms)
Completed 200 OK in 17ms (Views: 13.7ms | ActiveRecord: 0.2ms)


Started GET "/products/new" for ::1 at 2016-04-13 17:11:05 -0400
Processing by ProductsController#new as HTML
  Rendered products/_form.html.erb (1.6ms)
  Rendered products/new.html.erb within layouts/application (2.7ms)
Completed 200 OK in 15ms (Views: 14.4ms | ActiveRecord: 0.0ms)


Started POST "/products" for ::1 at 2016-04-13 17:11:17 -0400
Processing by ProductsController#create as HTML
  Parameters: {"utf8"=>"✓", "authenticity_token"=>"E9i7LiGMwie7KX7dlsG59DWRN0+dJhpymEynwJpGbk4DeP9SX6I7a1uFfPP/DYz8Q+r/oIA7A81YfUV4thcvxQ==", "product"=>{"name"=>"dsd", "description"=>"ds", "price_in_cents"=>"360"}, "commit"=>"Create Product"}
Completed 500 Internal Server Error in 13ms (ActiveRecord: 0.0ms)

NameError (undefined local variable or method `product_params' for #<ProductsController:0x007fbb88852ca8>
Did you mean?  product_path):
  app/controllers/products_controller.rb:35:in `create'


  Rendered /Users/kexinwu/.gem/ruby/2.3.0/gems/actionpack-4.2.6/lib/action_dispatch/middleware/templates/rescues/_source.erb (3.7ms)
  Rendered /Users/kexinwu/.gem/ruby/2.3.0/gems/actionpack-4.2.6/lib/action_dispatch/middleware/templates/rescues/_trace.html.erb (1.9ms)
  Rendered /Users/kexinwu/.gem/ruby/2.3.0/gems/actionpack-4.2.6/lib/action_dispatch/middleware/templates/rescues/_request_and_response.html.erb (0.9ms)
  Rendered /Users/kexinwu/.gem/ruby/2.3.0/gems/actionpack-4.2.6/lib/action_dispatch/middleware/templates/rescues/diagnostics.html.erb within rescues/layout (47.1ms)
  Rendered /Users/kexinwu/.rbenv/versions/2.3.0/lib/ruby/gems/2.3.0/gems/web-console-2.3.0/lib/web_console/templates/_markup.html.erb (0.4ms)
  Rendered /Users/kexinwu/.rbenv/versions/2.3.0/lib/ruby/gems/2.3.0/gems/web-console-2.3.0/lib/web_console/templates/_inner_console_markup.html.erb within layouts/inlined_string (0.3ms)
  Rendered /Users/kexinwu/.rbenv/versions/2.3.0/lib/ruby/gems/2.3.0/gems/web-console-2.3.0/lib/web_console/templates/_prompt_box_markup.html.erb within layouts/inlined_string (0.5ms)
  Rendered /Users/kexinwu/.rbenv/versions/2.3.0/lib/ruby/gems/2.3.0/gems/web-console-2.3.0/lib/web_console/templates/style.css.erb within layouts/inlined_string (0.4ms)
  Rendered /Users/kexinwu/.rbenv/versions/2.3.0/lib/ruby/gems/2.3.0/gems/web-console-2.3.0/lib/web_console/templates/console.js.erb within layouts/javascript (54.0ms)
  Rendered /Users/kexinwu/.rbenv/versions/2.3.0/lib/ruby/gems/2.3.0/gems/web-console-2.3.0/lib/web_console/templates/main.js.erb within layouts/javascript (0.3ms)
  Rendered /Users/kexinwu/.rbenv/versions/2.3.0/lib/ruby/gems/2.3.0/gems/web-console-2.3.0/lib/web_console/templates/error_page.js.erb within layouts/javascript (0.4ms)
  Rendered /Users/kexinwu/.rbenv/versions/2.3.0/lib/ruby/gems/2.3.0/gems/web-console-2.3.0/lib/web_console/templates/index.html.erb (116.8ms)


Started GET "/products/new" for ::1 at 2016-04-13 17:14:01 -0400

SyntaxError (/Users/kexinwu/Desktop/rain/app/controllers/products_controller.rb:47: syntax error, unexpected end-of-input, expecting keyword_end):
  app/controllers/products_controller.rb:47: syntax error, unexpected end-of-input, expecting keyword_end


  Rendered /Users/kexinwu/.gem/ruby/2.3.0/gems/actionpack-4.2.6/lib/action_dispatch/middleware/templates/rescues/_source.erb (2.9ms)
  Rendered /Users/kexinwu/.gem/ruby/2.3.0/gems/actionpack-4.2.6/lib/action_dispatch/middleware/templates/rescues/_trace.html.erb (1.6ms)
  Rendered /Users/kexinwu/.gem/ruby/2.3.0/gems/actionpack-4.2.6/lib/action_dispatch/middleware/templates/rescues/_request_and_response.html.erb (1.8ms)
  Rendered /Users/kexinwu/.gem/ruby/2.3.0/gems/actionpack-4.2.6/lib/action_dispatch/middleware/templates/rescues/diagnostics.html.erb within rescues/layout (43.2ms)
  Rendered /Users/kexinwu/.rbenv/versions/2.3.0/lib/ruby/gems/2.3.0/gems/web-console-2.3.0/lib/web_console/templates/_markup.html.erb (0.3ms)
  Rendered /Users/kexinwu/.rbenv/versions/2.3.0/lib/ruby/gems/2.3.0/gems/web-console-2.3.0/lib/web_console/templates/_inner_console_markup.html.erb within layouts/inlined_string (0.3ms)
  Rendered /Users/kexinwu/.rbenv/versions/2.3.0/lib/ruby/gems/2.3.0/gems/web-console-2.3.0/lib/web_console/templates/_prompt_box_markup.html.erb within layouts/inlined_string (0.3ms)
  Rendered /Users/kexinwu/.rbenv/versions/2.3.0/lib/ruby/gems/2.3.0/gems/web-console-2.3.0/lib/web_console/templates/style.css.erb within layouts/inlined_string (0.4ms)
  Rendered /Users/kexinwu/.rbenv/versions/2.3.0/lib/ruby/gems/2.3.0/gems/web-console-2.3.0/lib/web_console/templates/console.js.erb within layouts/javascript (44.7ms)
  Rendered /Users/kexinwu/.rbenv/versions/2.3.0/lib/ruby/gems/2.3.0/gems/web-console-2.3.0/lib/web_console/templates/main.js.erb within layouts/javascript (0.3ms)
  Rendered /Users/kexinwu/.rbenv/versions/2.3.0/lib/ruby/gems/2.3.0/gems/web-console-2.3.0/lib/web_console/templates/error_page.js.erb within layouts/javascript (0.4ms)
  Rendered /Users/kexinwu/.rbenv/versions/2.3.0/lib/ruby/gems/2.3.0/gems/web-console-2.3.0/lib/web_console/templates/index.html.erb (100.9ms)


Started GET "/products/new" for ::1 at 2016-04-13 17:14:01 -0400

SyntaxError (/Users/kexinwu/Desktop/rain/app/controllers/products_controller.rb:47: syntax error, unexpected end-of-input, expecting keyword_end):
  app/controllers/products_controller.rb:47: syntax error, unexpected end-of-input, expecting keyword_end


  Rendered /Users/kexinwu/.gem/ruby/2.3.0/gems/actionpack-4.2.6/lib/action_dispatch/middleware/templates/rescues/_source.erb (3.2ms)
  Rendered /Users/kexinwu/.gem/ruby/2.3.0/gems/actionpack-4.2.6/lib/action_dispatch/middleware/templates/rescues/_trace.html.erb (1.8ms)
  Rendered /Users/kexinwu/.gem/ruby/2.3.0/gems/actionpack-4.2.6/lib/action_dispatch/middleware/templates/rescues/_request_and_response.html.erb (1.3ms)
  Rendered /Users/kexinwu/.gem/ruby/2.3.0/gems/actionpack-4.2.6/lib/action_dispatch/middleware/templates/rescues/diagnostics.html.erb within rescues/layout (43.1ms)
  Rendered /Users/kexinwu/.rbenv/versions/2.3.0/lib/ruby/gems/2.3.0/gems/web-console-2.3.0/lib/web_console/templates/_markup.html.erb (0.4ms)
  Rendered /Users/kexinwu/.rbenv/versions/2.3.0/lib/ruby/gems/2.3.0/gems/web-console-2.3.0/lib/web_console/templates/_inner_console_markup.html.erb within layouts/inlined_string (0.3ms)
  Rendered /Users/kexinwu/.rbenv/versions/2.3.0/lib/ruby/gems/2.3.0/gems/web-console-2.3.0/lib/web_console/templates/_prompt_box_markup.html.erb within layouts/inlined_string (0.3ms)
  Rendered /Users/kexinwu/.rbenv/versions/2.3.0/lib/ruby/gems/2.3.0/gems/web-console-2.3.0/lib/web_console/templates/style.css.erb within layouts/inlined_string (0.3ms)
  Rendered /Users/kexinwu/.rbenv/versions/2.3.0/lib/ruby/gems/2.3.0/gems/web-console-2.3.0/lib/web_console/templates/console.js.erb within layouts/javascript (48.8ms)
  Rendered /Users/kexinwu/.rbenv/versions/2.3.0/lib/ruby/gems/2.3.0/gems/web-console-2.3.0/lib/web_console/templates/main.js.erb within layouts/javascript (0.3ms)
  Rendered /Users/kexinwu/.rbenv/versions/2.3.0/lib/ruby/gems/2.3.0/gems/web-console-2.3.0/lib/web_console/templates/error_page.js.erb within layouts/javascript (0.4ms)
  Rendered /Users/kexinwu/.rbenv/versions/2.3.0/lib/ruby/gems/2.3.0/gems/web-console-2.3.0/lib/web_console/templates/index.html.erb (108.2ms)


Started GET "/products/new" for ::1 at 2016-04-13 17:14:16 -0400
Processing by ProductsController#new as HTML
  Rendered products/_form.html.erb (1.8ms)
  Rendered products/new.html.erb within layouts/application (2.7ms)
Completed 200 OK in 21ms (Views: 16.1ms | ActiveRecord: 0.4ms)


Started POST "/products" for ::1 at 2016-04-13 17:14:31 -0400
Processing by ProductsController#create as HTML
  Parameters: {"utf8"=>"✓", "authenticity_token"=>"g/G7Gn1wupj4WtkQOo2CgKtJhhTAue+Ih93jpdHTTwqTUf9mA15D1Bj22z5TQbeI3TJO+92k9jdH7AEd/YIOgQ==", "product"=>{"name"=>"Running Shoes", "description"=>"size 8", "price_in_cents"=>"3560"}, "commit"=>"Create Product"}
  [1m[35m (0.1ms)[0m  begin transaction
  [1m[36mSQL (0.3ms)[0m  [1mINSERT INTO "products" ("name", "description", "price_in_cents", "created_at", "updated_at") VALUES (?, ?, ?, ?, ?)[0m  [["name", "Running Shoes"], ["description", "size 8"], ["price_in_cents", 3560], ["created_at", "2016-04-13 21:14:31.489582"], ["updated_at", "2016-04-13 21:14:31.489582"]]
  [1m[35m (0.7ms)[0m  commit transaction
Redirected to http://localhost:3000/products
Completed 302 Found in 5ms (ActiveRecord: 1.1ms)


Started GET "/products" for ::1 at 2016-04-13 17:14:31 -0400
Processing by ProductsController#index as HTML
  [1m[36mProduct Load (0.1ms)[0m  [1mSELECT "products".* FROM "products"[0m
  Rendered products/index.html.erb within layouts/application (26.7ms)
Completed 500 Internal Server Error in 30ms (ActiveRecord: 0.1ms)

ActionView::Template::Error (undefined local variable or method `prodcut' for #<#<Class:0x007fbb86aa4300>:0x007fbb860d2f70>
Did you mean?  product):
    1: <h1>Products</h1>
    2: 
    3: <%= @products.each do |product|%>
    4: <p><%= prodcut.name %>,<%= product.formatted_price %></p>
    5: 
    6: <% end %>
  app/views/products/index.html.erb:4:in `block in _app_views_products_index_html_erb___1211415199503167512_70221693446860'
  app/views/products/index.html.erb:3:in `_app_views_products_index_html_erb___1211415199503167512_70221693446860'


  Rendered /Users/kexinwu/.gem/ruby/2.3.0/gems/actionpack-4.2.6/lib/action_dispatch/middleware/templates/rescues/_source.erb (4.7ms)
  Rendered /Users/kexinwu/.gem/ruby/2.3.0/gems/actionpack-4.2.6/lib/action_dispatch/middleware/templates/rescues/_trace.html.erb (2.1ms)
  Rendered /Users/kexinwu/.gem/ruby/2.3.0/gems/actionpack-4.2.6/lib/action_dispatch/middleware/templates/rescues/_request_and_response.html.erb (0.8ms)
  Rendered /Users/kexinwu/.gem/ruby/2.3.0/gems/actionpack-4.2.6/lib/action_dispatch/middleware/templates/rescues/template_error.html.erb within rescues/layout (42.4ms)
  Rendered /Users/kexinwu/.rbenv/versions/2.3.0/lib/ruby/gems/2.3.0/gems/web-console-2.3.0/lib/web_console/templates/_markup.html.erb (0.4ms)
  Rendered /Users/kexinwu/.rbenv/versions/2.3.0/lib/ruby/gems/2.3.0/gems/web-console-2.3.0/lib/web_console/templates/_inner_console_markup.html.erb within layouts/inlined_string (0.3ms)
  Rendered /Users/kexinwu/.rbenv/versions/2.3.0/lib/ruby/gems/2.3.0/gems/web-console-2.3.0/lib/web_console/templates/_prompt_box_markup.html.erb within layouts/inlined_string (0.4ms)
  Rendered /Users/kexinwu/.rbenv/versions/2.3.0/lib/ruby/gems/2.3.0/gems/web-console-2.3.0/lib/web_console/templates/style.css.erb within layouts/inlined_string (0.3ms)
  Rendered /Users/kexinwu/.rbenv/versions/2.3.0/lib/ruby/gems/2.3.0/gems/web-console-2.3.0/lib/web_console/templates/console.js.erb within layouts/javascript (49.4ms)
  Rendered /Users/kexinwu/.rbenv/versions/2.3.0/lib/ruby/gems/2.3.0/gems/web-console-2.3.0/lib/web_console/templates/main.js.erb within layouts/javascript (0.3ms)
  Rendered /Users/kexinwu/.rbenv/versions/2.3.0/lib/ruby/gems/2.3.0/gems/web-console-2.3.0/lib/web_console/templates/error_page.js.erb within layouts/javascript (0.4ms)
  Rendered /Users/kexinwu/.rbenv/versions/2.3.0/lib/ruby/gems/2.3.0/gems/web-console-2.3.0/lib/web_console/templates/index.html.erb (110.7ms)


Started GET "/products/new" for ::1 at 2016-04-13 17:15:53 -0400
Processing by ProductsController#new as HTML
  Rendered products/_form.html.erb (1.3ms)
  Rendered products/new.html.erb within layouts/application (2.2ms)
Completed 200 OK in 16ms (Views: 15.5ms | ActiveRecord: 0.0ms)


Started GET "/products/new" for ::1 at 2016-04-13 17:15:53 -0400
Processing by ProductsController#new as HTML
  Rendered products/_form.html.erb (2.9ms)
  Rendered products/new.html.erb within layouts/application (5.2ms)
Completed 200 OK in 19ms (Views: 18.5ms | ActiveRecord: 0.0ms)


Started POST "/products" for ::1 at 2016-04-13 17:16:08 -0400
Processing by ProductsController#create as HTML
  Parameters: {"utf8"=>"✓", "authenticity_token"=>"UnjxgPEba0h/5zjEoCCWncO4BXA5L8fXKBxNo75d+ZJC2LX8jzWSBJ9LOurJ7KOVtcPNnyQy3mjoLa8bkgy4GQ==", "product"=>{"name"=>"Running Shoes", "description"=>"size 8", "price_in_cents"=>"3600"}, "commit"=>"Create Product"}
  [1m[35m (0.1ms)[0m  begin transaction
  [1m[36mSQL (0.5ms)[0m  [1mINSERT INTO "products" ("name", "description", "price_in_cents", "created_at", "updated_at") VALUES (?, ?, ?, ?, ?)[0m  [["name", "Running Shoes"], ["description", "size 8"], ["price_in_cents", 3600], ["created_at", "2016-04-13 21:16:08.789534"], ["updated_at", "2016-04-13 21:16:08.789534"]]
  [1m[35m (0.7ms)[0m  commit transaction
Redirected to http://localhost:3000/products
Completed 302 Found in 4ms (ActiveRecord: 1.2ms)


Started GET "/products" for ::1 at 2016-04-13 17:16:08 -0400
Processing by ProductsController#index as HTML
  [1m[36mProduct Load (0.1ms)[0m  [1mSELECT "products".* FROM "products"[0m
  Rendered products/index.html.erb within layouts/application (26.5ms)
Completed 500 Internal Server Error in 29ms (ActiveRecord: 0.1ms)

ActionView::Template::Error (undefined local variable or method `prodcut' for #<#<Class:0x007fbb86aa4300>:0x007fbb869d94e8>
Did you mean?  product):
    1: <h1>Products</h1>
    2: 
    3: <% @products.each do |product|%>
    4: <p><%= prodcut.name %>,<%= product.formatted_price %></p>
    5: 
    6: <% end %>
  app/views/products/index.html.erb:4:in `block in _app_views_products_index_html_erb___1211415199503167512_70221679122320'
  app/views/products/index.html.erb:3:in `_app_views_products_index_html_erb___1211415199503167512_70221679122320'


  Rendered /Users/kexinwu/.gem/ruby/2.3.0/gems/actionpack-4.2.6/lib/action_dispatch/middleware/templates/rescues/_source.erb (7.1ms)
  Rendered /Users/kexinwu/.gem/ruby/2.3.0/gems/actionpack-4.2.6/lib/action_dispatch/middleware/templates/rescues/_trace.html.erb (2.3ms)
  Rendered /Users/kexinwu/.gem/ruby/2.3.0/gems/actionpack-4.2.6/lib/action_dispatch/middleware/templates/rescues/_request_and_response.html.erb (0.7ms)
  Rendered /Users/kexinwu/.gem/ruby/2.3.0/gems/actionpack-4.2.6/lib/action_dispatch/middleware/templates/rescues/template_error.html.erb within rescues/layout (46.1ms)
  Rendered /Users/kexinwu/.rbenv/versions/2.3.0/lib/ruby/gems/2.3.0/gems/web-console-2.3.0/lib/web_console/templates/_markup.html.erb (0.4ms)
  Rendered /Users/kexinwu/.rbenv/versions/2.3.0/lib/ruby/gems/2.3.0/gems/web-console-2.3.0/lib/web_console/templates/_inner_console_markup.html.erb within layouts/inlined_string (0.3ms)
  Rendered /Users/kexinwu/.rbenv/versions/2.3.0/lib/ruby/gems/2.3.0/gems/web-console-2.3.0/lib/web_console/templates/_prompt_box_markup.html.erb within layouts/inlined_string (0.3ms)
  Rendered /Users/kexinwu/.rbenv/versions/2.3.0/lib/ruby/gems/2.3.0/gems/web-console-2.3.0/lib/web_console/templates/style.css.erb within layouts/inlined_string (0.3ms)
  Rendered /Users/kexinwu/.rbenv/versions/2.3.0/lib/ruby/gems/2.3.0/gems/web-console-2.3.0/lib/web_console/templates/console.js.erb within layouts/javascript (50.4ms)
  Rendered /Users/kexinwu/.rbenv/versions/2.3.0/lib/ruby/gems/2.3.0/gems/web-console-2.3.0/lib/web_console/templates/main.js.erb within layouts/javascript (0.3ms)
  Rendered /Users/kexinwu/.rbenv/versions/2.3.0/lib/ruby/gems/2.3.0/gems/web-console-2.3.0/lib/web_console/templates/error_page.js.erb within layouts/javascript (0.4ms)
  Rendered /Users/kexinwu/.rbenv/versions/2.3.0/lib/ruby/gems/2.3.0/gems/web-console-2.3.0/lib/web_console/templates/index.html.erb (106.6ms)


Started GET "/products/new" for ::1 at 2016-04-13 17:16:49 -0400
Processing by ProductsController#new as HTML
  Rendered products/_form.html.erb (1.4ms)
  Rendered products/new.html.erb within layouts/application (2.4ms)
Completed 200 OK in 16ms (Views: 15.7ms | ActiveRecord: 0.0ms)


Started GET "/products/new" for ::1 at 2016-04-13 17:16:49 -0400
Processing by ProductsController#new as HTML
  Rendered products/_form.html.erb (2.6ms)
  Rendered products/new.html.erb within layouts/application (4.3ms)
Completed 200 OK in 22ms (Views: 21.5ms | ActiveRecord: 0.0ms)


Started POST "/products" for ::1 at 2016-04-13 17:17:03 -0400
Processing by ProductsController#create as HTML
  Parameters: {"utf8"=>"✓", "authenticity_token"=>"ZBGHKyr8xvBIgvYr2c1JzBEKYBVg0Jy1QjX2+UgmUMF0scNXVNI/vKgu9AWwAXzEZ3Go+n3NhQqCBBRBZHcRSg==", "product"=>{"name"=>"Running Shoes", "description"=>"size 8", "price_in_cents"=>"2450"}, "commit"=>"Create Product"}
  [1m[35m (0.1ms)[0m  begin transaction
  [1m[36mSQL (0.2ms)[0m  [1mINSERT INTO "products" ("name", "description", "price_in_cents", "created_at", "updated_at") VALUES (?, ?, ?, ?, ?)[0m  [["name", "Running Shoes"], ["description", "size 8"], ["price_in_cents", 2450], ["created_at", "2016-04-13 21:17:03.343407"], ["updated_at", "2016-04-13 21:17:03.343407"]]
  [1m[35m (0.6ms)[0m  commit transaction
Redirected to http://localhost:3000/products
Completed 302 Found in 3ms (ActiveRecord: 0.9ms)


Started GET "/products" for ::1 at 2016-04-13 17:17:03 -0400
Processing by ProductsController#index as HTML
  [1m[36mProduct Load (0.2ms)[0m  [1mSELECT "products".* FROM "products"[0m
  Rendered products/index.html.erb within layouts/application (1.1ms)
Completed 200 OK in 14ms (Views: 13.2ms | ActiveRecord: 0.2ms)


Started GET "/products/show" for ::1 at 2016-04-13 17:17:13 -0400
Processing by ProductsController#show as HTML
  Parameters: {"id"=>"show"}
  [1m[35mProduct Load (0.1ms)[0m  SELECT  "products".* FROM "products" WHERE "products"."id" = ? LIMIT 1  [["id", 0]]
Completed 404 Not Found in 2ms (ActiveRecord: 0.1ms)

ActiveRecord::RecordNotFound (Couldn't find Product with 'id'=show):
  app/controllers/products_controller.rb:7:in `show'


  Rendered /Users/kexinwu/.gem/ruby/2.3.0/gems/actionpack-4.2.6/lib/action_dispatch/middleware/templates/rescues/_source.erb (3.4ms)
  Rendered /Users/kexinwu/.gem/ruby/2.3.0/gems/actionpack-4.2.6/lib/action_dispatch/middleware/templates/rescues/_trace.html.erb (1.6ms)
  Rendered /Users/kexinwu/.gem/ruby/2.3.0/gems/actionpack-4.2.6/lib/action_dispatch/middleware/templates/rescues/_request_and_response.html.erb (0.8ms)
  Rendered /Users/kexinwu/.gem/ruby/2.3.0/gems/actionpack-4.2.6/lib/action_dispatch/middleware/templates/rescues/diagnostics.html.erb within rescues/layout (42.8ms)
  Rendered /Users/kexinwu/.rbenv/versions/2.3.0/lib/ruby/gems/2.3.0/gems/web-console-2.3.0/lib/web_console/templates/_markup.html.erb (0.5ms)
  Rendered /Users/kexinwu/.rbenv/versions/2.3.0/lib/ruby/gems/2.3.0/gems/web-console-2.3.0/lib/web_console/templates/_inner_console_markup.html.erb within layouts/inlined_string (0.3ms)
  Rendered /Users/kexinwu/.rbenv/versions/2.3.0/lib/ruby/gems/2.3.0/gems/web-console-2.3.0/lib/web_console/templates/_prompt_box_markup.html.erb within layouts/inlined_string (0.2ms)
  Rendered /Users/kexinwu/.rbenv/versions/2.3.0/lib/ruby/gems/2.3.0/gems/web-console-2.3.0/lib/web_console/templates/style.css.erb within layouts/inlined_string (0.3ms)
  Rendered /Users/kexinwu/.rbenv/versions/2.3.0/lib/ruby/gems/2.3.0/gems/web-console-2.3.0/lib/web_console/templates/console.js.erb within layouts/javascript (43.3ms)
  Rendered /Users/kexinwu/.rbenv/versions/2.3.0/lib/ruby/gems/2.3.0/gems/web-console-2.3.0/lib/web_console/templates/main.js.erb within layouts/javascript (0.3ms)
  Rendered /Users/kexinwu/.rbenv/versions/2.3.0/lib/ruby/gems/2.3.0/gems/web-console-2.3.0/lib/web_console/templates/error_page.js.erb within layouts/javascript (0.6ms)
  Rendered /Users/kexinwu/.rbenv/versions/2.3.0/lib/ruby/gems/2.3.0/gems/web-console-2.3.0/lib/web_console/templates/index.html.erb (106.3ms)


Started GET "/products/show" for ::1 at 2016-04-13 17:17:14 -0400
Processing by ProductsController#show as HTML
  Parameters: {"id"=>"show"}
  [1m[36mProduct Load (0.1ms)[0m  [1mSELECT  "products".* FROM "products" WHERE "products"."id" = ? LIMIT 1[0m  [["id", 0]]
Completed 404 Not Found in 1ms (ActiveRecord: 0.1ms)

ActiveRecord::RecordNotFound (Couldn't find Product with 'id'=show):
  app/controllers/products_controller.rb:7:in `show'


  Rendered /Users/kexinwu/.gem/ruby/2.3.0/gems/actionpack-4.2.6/lib/action_dispatch/middleware/templates/rescues/_source.erb (3.7ms)
  Rendered /Users/kexinwu/.gem/ruby/2.3.0/gems/actionpack-4.2.6/lib/action_dispatch/middleware/templates/rescues/_trace.html.erb (2.0ms)
  Rendered /Users/kexinwu/.gem/ruby/2.3.0/gems/actionpack-4.2.6/lib/action_dispatch/middleware/templates/rescues/_request_and_response.html.erb (0.9ms)
  Rendered /Users/kexinwu/.gem/ruby/2.3.0/gems/actionpack-4.2.6/lib/action_dispatch/middleware/templates/rescues/diagnostics.html.erb within rescues/layout (43.0ms)
  Rendered /Users/kexinwu/.rbenv/versions/2.3.0/lib/ruby/gems/2.3.0/gems/web-console-2.3.0/lib/web_console/templates/_markup.html.erb (0.3ms)
  Rendered /Users/kexinwu/.rbenv/versions/2.3.0/lib/ruby/gems/2.3.0/gems/web-console-2.3.0/lib/web_console/templates/_inner_console_markup.html.erb within layouts/inlined_string (0.3ms)
  Rendered /Users/kexinwu/.rbenv/versions/2.3.0/lib/ruby/gems/2.3.0/gems/web-console-2.3.0/lib/web_console/templates/_prompt_box_markup.html.erb within layouts/inlined_string (0.3ms)
  Rendered /Users/kexinwu/.rbenv/versions/2.3.0/lib/ruby/gems/2.3.0/gems/web-console-2.3.0/lib/web_console/templates/style.css.erb within layouts/inlined_string (0.4ms)
  Rendered /Users/kexinwu/.rbenv/versions/2.3.0/lib/ruby/gems/2.3.0/gems/web-console-2.3.0/lib/web_console/templates/console.js.erb within layouts/javascript (50.2ms)
  Rendered /Users/kexinwu/.rbenv/versions/2.3.0/lib/ruby/gems/2.3.0/gems/web-console-2.3.0/lib/web_console/templates/main.js.erb within layouts/javascript (0.3ms)
  Rendered /Users/kexinwu/.rbenv/versions/2.3.0/lib/ruby/gems/2.3.0/gems/web-console-2.3.0/lib/web_console/templates/error_page.js.erb within layouts/javascript (0.4ms)
  Rendered /Users/kexinwu/.rbenv/versions/2.3.0/lib/ruby/gems/2.3.0/gems/web-console-2.3.0/lib/web_console/templates/index.html.erb (109.4ms)


Started GET "/products/show/1" for ::1 at 2016-04-13 17:17:19 -0400

ActionController::RoutingError (No route matches [GET] "/products/show/1"):
  actionpack (4.2.6) lib/action_dispatch/middleware/debug_exceptions.rb:21:in `call'
  web-console (2.3.0) lib/web_console/middleware.rb:28:in `block in call'
  web-console (2.3.0) lib/web_console/middleware.rb:18:in `catch'
  web-console (2.3.0) lib/web_console/middleware.rb:18:in `call'
  actionpack (4.2.6) lib/action_dispatch/middleware/show_exceptions.rb:30:in `call'
  railties (4.2.6) lib/rails/rack/logger.rb:38:in `call_app'
  railties (4.2.6) lib/rails/rack/logger.rb:20:in `block in call'
  activesupport (4.2.6) lib/active_support/tagged_logging.rb:68:in `block in tagged'
  activesupport (4.2.6) lib/active_support/tagged_logging.rb:26:in `tagged'
  activesupport (4.2.6) lib/active_support/tagged_logging.rb:68:in `tagged'
  railties (4.2.6) lib/rails/rack/logger.rb:20:in `call'
  actionpack (4.2.6) lib/action_dispatch/middleware/request_id.rb:21:in `call'
  rack (1.6.4) lib/rack/methodoverride.rb:22:in `call'
  rack (1.6.4) lib/rack/runtime.rb:18:in `call'
  activesupport (4.2.6) lib/active_support/cache/strategy/local_cache_middleware.rb:28:in `call'
  rack (1.6.4) lib/rack/lock.rb:17:in `call'
  actionpack (4.2.6) lib/action_dispatch/middleware/static.rb:120:in `call'
  rack (1.6.4) lib/rack/sendfile.rb:113:in `call'
  railties (4.2.6) lib/rails/engine.rb:518:in `call'
  railties (4.2.6) lib/rails/application.rb:165:in `call'
  rack (1.6.4) lib/rack/lock.rb:17:in `call'
  rack (1.6.4) lib/rack/content_length.rb:15:in `call'
  rack (1.6.4) lib/rack/handler/webrick.rb:88:in `service'
  /Users/kexinwu/.rbenv/versions/2.3.0/lib/ruby/2.3.0/webrick/httpserver.rb:140:in `service'
  /Users/kexinwu/.rbenv/versions/2.3.0/lib/ruby/2.3.0/webrick/httpserver.rb:96:in `run'
  /Users/kexinwu/.rbenv/versions/2.3.0/lib/ruby/2.3.0/webrick/server.rb:296:in `block in start_thread'


  Rendered /Users/kexinwu/.gem/ruby/2.3.0/gems/actionpack-4.2.6/lib/action_dispatch/middleware/templates/rescues/_trace.html.erb (1.2ms)
  Rendered /Users/kexinwu/.gem/ruby/2.3.0/gems/actionpack-4.2.6/lib/action_dispatch/middleware/templates/routes/_route.html.erb (1.0ms)
  Rendered /Users/kexinwu/.gem/ruby/2.3.0/gems/actionpack-4.2.6/lib/action_dispatch/middleware/templates/routes/_table.html.erb (2.2ms)
  Rendered /Users/kexinwu/.gem/ruby/2.3.0/gems/actionpack-4.2.6/lib/action_dispatch/middleware/templates/rescues/_request_and_response.html.erb (1.0ms)
  Rendered /Users/kexinwu/.gem/ruby/2.3.0/gems/actionpack-4.2.6/lib/action_dispatch/middleware/templates/rescues/routing_error.html.erb within rescues/layout (56.8ms)
  Rendered /Users/kexinwu/.rbenv/versions/2.3.0/lib/ruby/gems/2.3.0/gems/web-console-2.3.0/lib/web_console/templates/_markup.html.erb (0.4ms)
  Rendered /Users/kexinwu/.rbenv/versions/2.3.0/lib/ruby/gems/2.3.0/gems/web-console-2.3.0/lib/web_console/templates/_inner_console_markup.html.erb within layouts/inlined_string (0.4ms)
  Rendered /Users/kexinwu/.rbenv/versions/2.3.0/lib/ruby/gems/2.3.0/gems/web-console-2.3.0/lib/web_console/templates/_prompt_box_markup.html.erb within layouts/inlined_string (0.2ms)
  Rendered /Users/kexinwu/.rbenv/versions/2.3.0/lib/ruby/gems/2.3.0/gems/web-console-2.3.0/lib/web_console/templates/style.css.erb within layouts/inlined_string (0.3ms)
  Rendered /Users/kexinwu/.rbenv/versions/2.3.0/lib/ruby/gems/2.3.0/gems/web-console-2.3.0/lib/web_console/templates/console.js.erb within layouts/javascript (44.4ms)
  Rendered /Users/kexinwu/.rbenv/versions/2.3.0/lib/ruby/gems/2.3.0/gems/web-console-2.3.0/lib/web_console/templates/main.js.erb within layouts/javascript (0.3ms)
  Rendered /Users/kexinwu/.rbenv/versions/2.3.0/lib/ruby/gems/2.3.0/gems/web-console-2.3.0/lib/web_console/templates/error_page.js.erb within layouts/javascript (0.5ms)
  Rendered /Users/kexinwu/.rbenv/versions/2.3.0/lib/ruby/gems/2.3.0/gems/web-console-2.3.0/lib/web_console/templates/index.html.erb (98.4ms)


Started GET "/products/1" for ::1 at 2016-04-13 17:17:25 -0400
Processing by ProductsController#show as HTML
  Parameters: {"id"=>"1"}
  [1m[35mProduct Load (0.1ms)[0m  SELECT  "products".* FROM "products" WHERE "products"."id" = ? LIMIT 1  [["id", 1]]
  Rendered products/show.html.erb within layouts/application (0.4ms)
Completed 200 OK in 15ms (Views: 13.7ms | ActiveRecord: 0.1ms)
  [1m[36mActiveRecord::SchemaMigration Load (0.1ms)[0m  [1mSELECT "schema_migrations".* FROM "schema_migrations"[0m
Migrating to CreateUsers (20160413214626)
  [1m[35m (0.1ms)[0m  begin transaction
  [1m[36m (0.3ms)[0m  [1mCREATE TABLE "users" ("id" INTEGER PRIMARY KEY AUTOINCREMENT NOT NULL, "email" varchar, "password_digest" varchar, "created_at" datetime NOT NULL, "updated_at" datetime NOT NULL) [0m
  [1m[35mSQL (0.1ms)[0m  INSERT INTO "schema_migrations" ("version") VALUES (?)  [["version", "20160413214626"]]
  [1m[36m (0.6ms)[0m  [1mcommit transaction[0m
  [1m[35mActiveRecord::SchemaMigration Load (0.1ms)[0m  SELECT "schema_migrations".* FROM "schema_migrations"


Started GET "/products/" for ::1 at 2016-04-13 18:11:14 -0400
  [1m[36mActiveRecord::SchemaMigration Load (0.1ms)[0m  [1mSELECT "schema_migrations".* FROM "schema_migrations"[0m
Processing by ProductsController#index as HTML
  [1m[35mProduct Load (0.1ms)[0m  SELECT "products".* FROM "products"
  Rendered products/index.html.erb within layouts/application (10.0ms)
Completed 200 OK in 387ms (Views: 376.8ms | ActiveRecord: 0.4ms)


Started GET "/users/new" for ::1 at 2016-04-13 18:11:23 -0400
Processing by UsersController#new as HTML
  Rendered users/new.html.erb within layouts/application (12.4ms)
Completed 200 OK in 43ms (Views: 34.6ms | ActiveRecord: 0.3ms)


Started POST "/users" for ::1 at 2016-04-13 18:11:36 -0400
Processing by UsersController#create as HTML
  Parameters: {"utf8"=>"✓", "authenticity_token"=>"ef0h93bJj25WgYBG3rTonFMJWg2m2QbnfYAP3Dt70rtpXWWLCOd2IrYtgmi3eN2UJXKS4rvEH1i9se1kFyqTMA==", "user"=>{"email"=>"axiner.w@gto.com", "password"=>"[FILTERED]", "password_confirmation"=>"[FILTERED]"}, "commit"=>"Create User"}
Completed 500 Internal Server Error in 14ms (ActiveRecord: 0.0ms)

NameError (undefined local variable or method `user_params' for #<UsersController:0x007f98c3292328>
Did you mean?  users_path):
  app/controllers/users_controller.rb:7:in `create'


  Rendered /Users/kexinwu/.gem/ruby/2.3.0/gems/actionpack-4.2.6/lib/action_dispatch/middleware/templates/rescues/_source.erb (3.2ms)
  Rendered /Users/kexinwu/.gem/ruby/2.3.0/gems/actionpack-4.2.6/lib/action_dispatch/middleware/templates/rescues/_trace.html.erb (1.7ms)
  Rendered /Users/kexinwu/.gem/ruby/2.3.0/gems/actionpack-4.2.6/lib/action_dispatch/middleware/templates/rescues/_request_and_response.html.erb (0.8ms)
  Rendered /Users/kexinwu/.gem/ruby/2.3.0/gems/actionpack-4.2.6/lib/action_dispatch/middleware/templates/rescues/diagnostics.html.erb within rescues/layout (48.9ms)
  Rendered /Users/kexinwu/.rbenv/versions/2.3.0/lib/ruby/gems/2.3.0/gems/web-console-2.3.0/lib/web_console/templates/_markup.html.erb (0.3ms)
  Rendered /Users/kexinwu/.rbenv/versions/2.3.0/lib/ruby/gems/2.3.0/gems/web-console-2.3.0/lib/web_console/templates/_inner_console_markup.html.erb within layouts/inlined_string (0.6ms)
  Rendered /Users/kexinwu/.rbenv/versions/2.3.0/lib/ruby/gems/2.3.0/gems/web-console-2.3.0/lib/web_console/templates/_prompt_box_markup.html.erb within layouts/inlined_string (0.3ms)
  Rendered /Users/kexinwu/.rbenv/versions/2.3.0/lib/ruby/gems/2.3.0/gems/web-console-2.3.0/lib/web_console/templates/style.css.erb within layouts/inlined_string (0.3ms)
  Rendered /Users/kexinwu/.rbenv/versions/2.3.0/lib/ruby/gems/2.3.0/gems/web-console-2.3.0/lib/web_console/templates/console.js.erb within layouts/javascript (61.6ms)
  Rendered /Users/kexinwu/.rbenv/versions/2.3.0/lib/ruby/gems/2.3.0/gems/web-console-2.3.0/lib/web_console/templates/main.js.erb within layouts/javascript (0.3ms)
  Rendered /Users/kexinwu/.rbenv/versions/2.3.0/lib/ruby/gems/2.3.0/gems/web-console-2.3.0/lib/web_console/templates/error_page.js.erb within layouts/javascript (0.3ms)
  Rendered /Users/kexinwu/.rbenv/versions/2.3.0/lib/ruby/gems/2.3.0/gems/web-console-2.3.0/lib/web_console/templates/index.html.erb (133.0ms)


Started GET "/users" for ::1 at 2016-04-13 18:13:09 -0400

ActionController::RoutingError (No route matches [GET] "/users"):
  actionpack (4.2.6) lib/action_dispatch/middleware/debug_exceptions.rb:21:in `call'
  web-console (2.3.0) lib/web_console/middleware.rb:28:in `block in call'
  web-console (2.3.0) lib/web_console/middleware.rb:18:in `catch'
  web-console (2.3.0) lib/web_console/middleware.rb:18:in `call'
  actionpack (4.2.6) lib/action_dispatch/middleware/show_exceptions.rb:30:in `call'
  railties (4.2.6) lib/rails/rack/logger.rb:38:in `call_app'
  railties (4.2.6) lib/rails/rack/logger.rb:20:in `block in call'
  activesupport (4.2.6) lib/active_support/tagged_logging.rb:68:in `block in tagged'
  activesupport (4.2.6) lib/active_support/tagged_logging.rb:26:in `tagged'
  activesupport (4.2.6) lib/active_support/tagged_logging.rb:68:in `tagged'
  railties (4.2.6) lib/rails/rack/logger.rb:20:in `call'
  actionpack (4.2.6) lib/action_dispatch/middleware/request_id.rb:21:in `call'
  rack (1.6.4) lib/rack/methodoverride.rb:22:in `call'
  rack (1.6.4) lib/rack/runtime.rb:18:in `call'
  activesupport (4.2.6) lib/active_support/cache/strategy/local_cache_middleware.rb:28:in `call'
  rack (1.6.4) lib/rack/lock.rb:17:in `call'
  actionpack (4.2.6) lib/action_dispatch/middleware/static.rb:120:in `call'
  rack (1.6.4) lib/rack/sendfile.rb:113:in `call'
  railties (4.2.6) lib/rails/engine.rb:518:in `call'
  railties (4.2.6) lib/rails/application.rb:165:in `call'
  rack (1.6.4) lib/rack/lock.rb:17:in `call'
  rack (1.6.4) lib/rack/content_length.rb:15:in `call'
  rack (1.6.4) lib/rack/handler/webrick.rb:88:in `service'
  /Users/kexinwu/.rbenv/versions/2.3.0/lib/ruby/2.3.0/webrick/httpserver.rb:140:in `service'
  /Users/kexinwu/.rbenv/versions/2.3.0/lib/ruby/2.3.0/webrick/httpserver.rb:96:in `run'
  /Users/kexinwu/.rbenv/versions/2.3.0/lib/ruby/2.3.0/webrick/server.rb:296:in `block in start_thread'


  Rendered /Users/kexinwu/.gem/ruby/2.3.0/gems/actionpack-4.2.6/lib/action_dispatch/middleware/templates/rescues/_trace.html.erb (1.1ms)
  Rendered /Users/kexinwu/.gem/ruby/2.3.0/gems/actionpack-4.2.6/lib/action_dispatch/middleware/templates/routes/_route.html.erb (0.9ms)
  Rendered /Users/kexinwu/.gem/ruby/2.3.0/gems/actionpack-4.2.6/lib/action_dispatch/middleware/templates/routes/_table.html.erb (3.3ms)
  Rendered /Users/kexinwu/.gem/ruby/2.3.0/gems/actionpack-4.2.6/lib/action_dispatch/middleware/templates/rescues/_request_and_response.html.erb (1.0ms)
  Rendered /Users/kexinwu/.gem/ruby/2.3.0/gems/actionpack-4.2.6/lib/action_dispatch/middleware/templates/rescues/routing_error.html.erb within rescues/layout (62.4ms)
  Rendered /Users/kexinwu/.rbenv/versions/2.3.0/lib/ruby/gems/2.3.0/gems/web-console-2.3.0/lib/web_console/templates/_markup.html.erb (0.3ms)
  Rendered /Users/kexinwu/.rbenv/versions/2.3.0/lib/ruby/gems/2.3.0/gems/web-console-2.3.0/lib/web_console/templates/_inner_console_markup.html.erb within layouts/inlined_string (0.3ms)
  Rendered /Users/kexinwu/.rbenv/versions/2.3.0/lib/ruby/gems/2.3.0/gems/web-console-2.3.0/lib/web_console/templates/_prompt_box_markup.html.erb within layouts/inlined_string (0.2ms)
  Rendered /Users/kexinwu/.rbenv/versions/2.3.0/lib/ruby/gems/2.3.0/gems/web-console-2.3.0/lib/web_console/templates/style.css.erb within layouts/inlined_string (0.3ms)
  Rendered /Users/kexinwu/.rbenv/versions/2.3.0/lib/ruby/gems/2.3.0/gems/web-console-2.3.0/lib/web_console/templates/console.js.erb within layouts/javascript (46.9ms)
  Rendered /Users/kexinwu/.rbenv/versions/2.3.0/lib/ruby/gems/2.3.0/gems/web-console-2.3.0/lib/web_console/templates/main.js.erb within layouts/javascript (0.3ms)
  Rendered /Users/kexinwu/.rbenv/versions/2.3.0/lib/ruby/gems/2.3.0/gems/web-console-2.3.0/lib/web_console/templates/error_page.js.erb within layouts/javascript (0.4ms)
  Rendered /Users/kexinwu/.rbenv/versions/2.3.0/lib/ruby/gems/2.3.0/gems/web-console-2.3.0/lib/web_console/templates/index.html.erb (100.6ms)


Started GET "/users/new" for ::1 at 2016-04-13 18:13:13 -0400

SyntaxError (/Users/kexinwu/Desktop/rain/app/controllers/users_controller.rb:19: syntax error, unexpected end-of-input, expecting keyword_end):
  app/controllers/users_controller.rb:19: syntax error, unexpected end-of-input, expecting keyword_end


  Rendered /Users/kexinwu/.gem/ruby/2.3.0/gems/actionpack-4.2.6/lib/action_dispatch/middleware/templates/rescues/_source.erb (3.6ms)
  Rendered /Users/kexinwu/.gem/ruby/2.3.0/gems/actionpack-4.2.6/lib/action_dispatch/middleware/templates/rescues/_trace.html.erb (1.7ms)
  Rendered /Users/kexinwu/.gem/ruby/2.3.0/gems/actionpack-4.2.6/lib/action_dispatch/middleware/templates/rescues/_request_and_response.html.erb (1.2ms)
  Rendered /Users/kexinwu/.gem/ruby/2.3.0/gems/actionpack-4.2.6/lib/action_dispatch/middleware/templates/rescues/diagnostics.html.erb within rescues/layout (45.0ms)
  Rendered /Users/kexinwu/.rbenv/versions/2.3.0/lib/ruby/gems/2.3.0/gems/web-console-2.3.0/lib/web_console/templates/_markup.html.erb (0.4ms)
  Rendered /Users/kexinwu/.rbenv/versions/2.3.0/lib/ruby/gems/2.3.0/gems/web-console-2.3.0/lib/web_console/templates/_inner_console_markup.html.erb within layouts/inlined_string (0.3ms)
  Rendered /Users/kexinwu/.rbenv/versions/2.3.0/lib/ruby/gems/2.3.0/gems/web-console-2.3.0/lib/web_console/templates/_prompt_box_markup.html.erb within layouts/inlined_string (0.3ms)
  Rendered /Users/kexinwu/.rbenv/versions/2.3.0/lib/ruby/gems/2.3.0/gems/web-console-2.3.0/lib/web_console/templates/style.css.erb within layouts/inlined_string (0.3ms)
  Rendered /Users/kexinwu/.rbenv/versions/2.3.0/lib/ruby/gems/2.3.0/gems/web-console-2.3.0/lib/web_console/templates/console.js.erb within layouts/javascript (46.0ms)
  Rendered /Users/kexinwu/.rbenv/versions/2.3.0/lib/ruby/gems/2.3.0/gems/web-console-2.3.0/lib/web_console/templates/main.js.erb within layouts/javascript (0.3ms)
  Rendered /Users/kexinwu/.rbenv/versions/2.3.0/lib/ruby/gems/2.3.0/gems/web-console-2.3.0/lib/web_console/templates/error_page.js.erb within layouts/javascript (0.3ms)
  Rendered /Users/kexinwu/.rbenv/versions/2.3.0/lib/ruby/gems/2.3.0/gems/web-console-2.3.0/lib/web_console/templates/index.html.erb (105.4ms)


Started GET "/users/new" for ::1 at 2016-04-13 18:13:33 -0400
Processing by UsersController#new as HTML
  Rendered users/new.html.erb within layouts/application (2.1ms)
Completed 200 OK in 23ms (Views: 17.8ms | ActiveRecord: 0.3ms)


Started POST "/users" for ::1 at 2016-04-13 18:13:41 -0400
Processing by UsersController#create as HTML
  Parameters: {"utf8"=>"✓", "authenticity_token"=>"ZMQsgTCKQY4AKye1GIFFP2OApVkaSyXwQwe5i+qaQup0ZGj9TqS4wuCHJZtxTXA3FftttgdWPE+DNlszxssDYQ==", "user"=>{"email"=>"axiner.w@gto.com", "password"=>"[FILTERED]", "password_confirmation"=>"[FILTERED]"}, "commit"=>"Create User"}
  [1m[36m (0.1ms)[0m  [1mbegin transaction[0m
  [1m[35mSQL (0.4ms)[0m  INSERT INTO "users" ("email", "password_digest", "created_at", "updated_at") VALUES (?, ?, ?, ?)  [["email", "axiner.w@gto.com"], ["password_digest", "$2a$10$wGttT26ts.gu6zCzoPncXu9.L28nsfJa7hAON0rENqcR/S/YN5hdm"], ["created_at", "2016-04-13 22:13:41.485421"], ["updated_at", "2016-04-13 22:13:41.485421"]]
  [1m[36m (1.4ms)[0m  [1mcommit transaction[0m
Redirected to http://localhost:3000/products
Completed 302 Found in 69ms (ActiveRecord: 1.9ms)


Started GET "/products" for ::1 at 2016-04-13 18:13:41 -0400
Processing by ProductsController#index as HTML
  [1m[35mProduct Load (0.1ms)[0m  SELECT "products".* FROM "products"
  Rendered products/index.html.erb within layouts/application (3.2ms)
Completed 200 OK in 19ms (Views: 16.9ms | ActiveRecord: 0.3ms)
  [1m[36mUser Load (1.1ms)[0m  [1mSELECT "users".* FROM "users"[0m


Started GET "/products" for ::1 at 2016-04-13 20:01:02 -0400
  [1m[36mActiveRecord::SchemaMigration Load (0.1ms)[0m  [1mSELECT "schema_migrations".* FROM "schema_migrations"[0m
Processing by ProductsController#index as HTML
  [1m[35mProduct Load (0.2ms)[0m  SELECT "products".* FROM "products"
  Rendered products/index.html.erb within layouts/application (11.0ms)
Completed 200 OK in 400ms (Views: 390.3ms | ActiveRecord: 0.6ms)


Started GET "/assets/sessions.self-877aef30ae1b040ab8a3aba4e3e309a11d7f2612f44dde450b5c157aa5f95c05.js?body=1" for ::1 at 2016-04-13 20:01:03 -0400


Started GET "/assets/sessions.self-e3b0c44298fc1c149afbf4c8996fb92427ae41e4649b934ca495991b7852b855.css?body=1" for ::1 at 2016-04-13 20:01:03 -0400


Started GET "/users/new" for ::1 at 2016-04-13 20:01:24 -0400
Processing by UsersController#new as HTML
  Rendered users/new.html.erb within layouts/application (15.3ms)
Completed 200 OK in 41ms (Views: 37.1ms | ActiveRecord: 0.2ms)


Started GET "/sesssions/new" for ::1 at 2016-04-13 20:01:58 -0400

ActionController::RoutingError (No route matches [GET] "/sesssions/new"):
  actionpack (4.2.6) lib/action_dispatch/middleware/debug_exceptions.rb:21:in `call'
  web-console (2.3.0) lib/web_console/middleware.rb:28:in `block in call'
  web-console (2.3.0) lib/web_console/middleware.rb:18:in `catch'
  web-console (2.3.0) lib/web_console/middleware.rb:18:in `call'
  actionpack (4.2.6) lib/action_dispatch/middleware/show_exceptions.rb:30:in `call'
  railties (4.2.6) lib/rails/rack/logger.rb:38:in `call_app'
  railties (4.2.6) lib/rails/rack/logger.rb:20:in `block in call'
  activesupport (4.2.6) lib/active_support/tagged_logging.rb:68:in `block in tagged'
  activesupport (4.2.6) lib/active_support/tagged_logging.rb:26:in `tagged'
  activesupport (4.2.6) lib/active_support/tagged_logging.rb:68:in `tagged'
  railties (4.2.6) lib/rails/rack/logger.rb:20:in `call'
  actionpack (4.2.6) lib/action_dispatch/middleware/request_id.rb:21:in `call'
  rack (1.6.4) lib/rack/methodoverride.rb:22:in `call'
  rack (1.6.4) lib/rack/runtime.rb:18:in `call'
  activesupport (4.2.6) lib/active_support/cache/strategy/local_cache_middleware.rb:28:in `call'
  rack (1.6.4) lib/rack/lock.rb:17:in `call'
  actionpack (4.2.6) lib/action_dispatch/middleware/static.rb:120:in `call'
  rack (1.6.4) lib/rack/sendfile.rb:113:in `call'
  railties (4.2.6) lib/rails/engine.rb:518:in `call'
  railties (4.2.6) lib/rails/application.rb:165:in `call'
  rack (1.6.4) lib/rack/lock.rb:17:in `call'
  rack (1.6.4) lib/rack/content_length.rb:15:in `call'
  rack (1.6.4) lib/rack/handler/webrick.rb:88:in `service'
  /Users/kexinwu/.rbenv/versions/2.3.0/lib/ruby/2.3.0/webrick/httpserver.rb:140:in `service'
  /Users/kexinwu/.rbenv/versions/2.3.0/lib/ruby/2.3.0/webrick/httpserver.rb:96:in `run'
  /Users/kexinwu/.rbenv/versions/2.3.0/lib/ruby/2.3.0/webrick/server.rb:296:in `block in start_thread'


  Rendered /Users/kexinwu/.gem/ruby/2.3.0/gems/actionpack-4.2.6/lib/action_dispatch/middleware/templates/rescues/_trace.html.erb (1.0ms)
  Rendered /Users/kexinwu/.gem/ruby/2.3.0/gems/actionpack-4.2.6/lib/action_dispatch/middleware/templates/routes/_route.html.erb (0.9ms)
  Rendered /Users/kexinwu/.gem/ruby/2.3.0/gems/actionpack-4.2.6/lib/action_dispatch/middleware/templates/routes/_table.html.erb (2.8ms)
  Rendered /Users/kexinwu/.gem/ruby/2.3.0/gems/actionpack-4.2.6/lib/action_dispatch/middleware/templates/rescues/_request_and_response.html.erb (1.0ms)
  Rendered /Users/kexinwu/.gem/ruby/2.3.0/gems/actionpack-4.2.6/lib/action_dispatch/middleware/templates/rescues/routing_error.html.erb within rescues/layout (59.4ms)
  Rendered /Users/kexinwu/.rbenv/versions/2.3.0/lib/ruby/gems/2.3.0/gems/web-console-2.3.0/lib/web_console/templates/_markup.html.erb (0.3ms)
  Rendered /Users/kexinwu/.rbenv/versions/2.3.0/lib/ruby/gems/2.3.0/gems/web-console-2.3.0/lib/web_console/templates/_inner_console_markup.html.erb within layouts/inlined_string (0.3ms)
  Rendered /Users/kexinwu/.rbenv/versions/2.3.0/lib/ruby/gems/2.3.0/gems/web-console-2.3.0/lib/web_console/templates/_prompt_box_markup.html.erb within layouts/inlined_string (0.3ms)
  Rendered /Users/kexinwu/.rbenv/versions/2.3.0/lib/ruby/gems/2.3.0/gems/web-console-2.3.0/lib/web_console/templates/style.css.erb within layouts/inlined_string (0.3ms)
  Rendered /Users/kexinwu/.rbenv/versions/2.3.0/lib/ruby/gems/2.3.0/gems/web-console-2.3.0/lib/web_console/templates/console.js.erb within layouts/javascript (49.6ms)
  Rendered /Users/kexinwu/.rbenv/versions/2.3.0/lib/ruby/gems/2.3.0/gems/web-console-2.3.0/lib/web_console/templates/main.js.erb within layouts/javascript (0.3ms)
  Rendered /Users/kexinwu/.rbenv/versions/2.3.0/lib/ruby/gems/2.3.0/gems/web-console-2.3.0/lib/web_console/templates/error_page.js.erb within layouts/javascript (0.4ms)
  Rendered /Users/kexinwu/.rbenv/versions/2.3.0/lib/ruby/gems/2.3.0/gems/web-console-2.3.0/lib/web_console/templates/index.html.erb (113.0ms)


Started GET "/sessions/new" for ::1 at 2016-04-13 20:02:11 -0400
Processing by SessionsController#new as HTML
  Rendered sessions/new.html.erb within layouts/application (0.8ms)
Completed 500 Internal Server Error in 5ms (ActiveRecord: 0.0ms)

SyntaxError (/Users/kexinwu/Desktop/rain/app/views/sessions/new.html.erb:17: syntax error, unexpected keyword_ensure, expecting keyword_end
/Users/kexinwu/Desktop/rain/app/views/sessions/new.html.erb:19: syntax error, unexpected end-of-input, expecting keyword_end):
  app/views/sessions/new.html.erb:17: syntax error, unexpected keyword_ensure, expecting keyword_end
  app/views/sessions/new.html.erb:19: syntax error, unexpected end-of-input, expecting keyword_end


  Rendered /Users/kexinwu/.gem/ruby/2.3.0/gems/actionpack-4.2.6/lib/action_dispatch/middleware/templates/rescues/_source.erb (10.7ms)
  Rendered /Users/kexinwu/.gem/ruby/2.3.0/gems/actionpack-4.2.6/lib/action_dispatch/middleware/templates/rescues/_trace.html.erb (2.1ms)
  Rendered /Users/kexinwu/.gem/ruby/2.3.0/gems/actionpack-4.2.6/lib/action_dispatch/middleware/templates/rescues/_request_and_response.html.erb (0.8ms)
  Rendered /Users/kexinwu/.gem/ruby/2.3.0/gems/actionpack-4.2.6/lib/action_dispatch/middleware/templates/rescues/diagnostics.html.erb within rescues/layout (51.1ms)
  Rendered /Users/kexinwu/.rbenv/versions/2.3.0/lib/ruby/gems/2.3.0/gems/web-console-2.3.0/lib/web_console/templates/_markup.html.erb (0.3ms)
  Rendered /Users/kexinwu/.rbenv/versions/2.3.0/lib/ruby/gems/2.3.0/gems/web-console-2.3.0/lib/web_console/templates/_inner_console_markup.html.erb within layouts/inlined_string (0.3ms)
  Rendered /Users/kexinwu/.rbenv/versions/2.3.0/lib/ruby/gems/2.3.0/gems/web-console-2.3.0/lib/web_console/templates/_prompt_box_markup.html.erb within layouts/inlined_string (0.3ms)
  Rendered /Users/kexinwu/.rbenv/versions/2.3.0/lib/ruby/gems/2.3.0/gems/web-console-2.3.0/lib/web_console/templates/style.css.erb within layouts/inlined_string (0.3ms)
  Rendered /Users/kexinwu/.rbenv/versions/2.3.0/lib/ruby/gems/2.3.0/gems/web-console-2.3.0/lib/web_console/templates/console.js.erb within layouts/javascript (46.2ms)
  Rendered /Users/kexinwu/.rbenv/versions/2.3.0/lib/ruby/gems/2.3.0/gems/web-console-2.3.0/lib/web_console/templates/main.js.erb within layouts/javascript (0.2ms)
  Rendered /Users/kexinwu/.rbenv/versions/2.3.0/lib/ruby/gems/2.3.0/gems/web-console-2.3.0/lib/web_console/templates/error_page.js.erb within layouts/javascript (0.4ms)
  Rendered /Users/kexinwu/.rbenv/versions/2.3.0/lib/ruby/gems/2.3.0/gems/web-console-2.3.0/lib/web_console/templates/index.html.erb (102.8ms)


Started GET "/sessions/new" for ::1 at 2016-04-13 20:04:50 -0400
Processing by SessionsController#new as HTML
  Rendered sessions/new.html.erb within layouts/application (0.8ms)
Completed 200 OK in 17ms (Views: 17.0ms | ActiveRecord: 0.0ms)


Started GET "/users/new" for ::1 at 2016-04-13 20:04:59 -0400
Processing by UsersController#new as HTML
  Rendered users/new.html.erb within layouts/application (1.4ms)
Completed 200 OK in 18ms (Views: 17.5ms | ActiveRecord: 0.0ms)


Started POST "/users" for ::1 at 2016-04-13 20:05:17 -0400
Processing by UsersController#create as HTML
  Parameters: {"utf8"=>"✓", "authenticity_token"=>"YmGvtybH3FmPjDxnSuejHvm2PhYUAUkDM1jXE3auJ+JywevLWOklFW8gPkkjK5YWj832+QkcULzzaTWrWv9maQ==", "user"=>{"email"=>"axiner.w@gmail.com", "password"=>"[FILTERED]", "password_confirmation"=>"[FILTERED]"}, "commit"=>"Create User"}
  [1m[36m (0.1ms)[0m  [1mbegin transaction[0m
  [1m[35mSQL (0.4ms)[0m  INSERT INTO "users" ("email", "password_digest", "created_at", "updated_at") VALUES (?, ?, ?, ?)  [["email", "axiner.w@gmail.com"], ["password_digest", "$2a$10$IrG9Puzi.sS4W78TB3jra.u1Kd.5qS9EMRWhguS/FBSQZIbASLpYC"], ["created_at", "2016-04-14 00:05:17.296509"], ["updated_at", "2016-04-14 00:05:17.296509"]]
  [1m[36m (1.6ms)[0m  [1mcommit transaction[0m
Redirected to http://localhost:3000/products
Completed 302 Found in 73ms (ActiveRecord: 2.1ms)


Started GET "/products" for ::1 at 2016-04-13 20:05:17 -0400
Processing by ProductsController#index as HTML
  [1m[35mProduct Load (0.1ms)[0m  SELECT "products".* FROM "products"
  Rendered products/index.html.erb within layouts/application (0.7ms)
Completed 200 OK in 18ms (Views: 16.9ms | ActiveRecord: 0.1ms)


Started GET "/sessions/new" for ::1 at 2016-04-13 20:05:29 -0400
Processing by SessionsController#new as HTML
  Rendered sessions/new.html.erb within layouts/application (0.4ms)
Completed 200 OK in 15ms (Views: 14.8ms | ActiveRecord: 0.0ms)


Started POST "/sessions" for ::1 at 2016-04-13 20:05:36 -0400
Processing by SessionsController#create as HTML
  Parameters: {"utf8"=>"✓", "authenticity_token"=>"8x2ZZ8uilyFMKRTe40zGetm3PbhjztJ60o1gcpnaDm/jvd0btYxubayFFvCKgPNyr8z1V37Ty8USvILKtYtP5A==", "email"=>"axiner.w@gmail.com", "password"=>"[FILTERED]", "commit"=>"log in"}
  [1m[36mUser Load (0.2ms)[0m  [1mSELECT  "users".* FROM "users" WHERE "users"."email" = ? LIMIT 1[0m  [["email", "axiner.w@gmail.com"]]
Redirected to http://localhost:3000/products
Completed 302 Found in 71ms (ActiveRecord: 0.2ms)


Started GET "/products" for ::1 at 2016-04-13 20:05:36 -0400
Processing by ProductsController#index as HTML
  [1m[35mProduct Load (0.1ms)[0m  SELECT "products".* FROM "products"
  Rendered products/index.html.erb within layouts/application (0.6ms)
Completed 200 OK in 15ms (Views: 14.8ms | ActiveRecord: 0.1ms)


Started GET "/users/new" for ::1 at 2016-04-13 20:40:06 -0400
Processing by UsersController#new as HTML
  Rendered users/new.html.erb within layouts/application (1.7ms)
  [1m[36mUser Load (0.1ms)[0m  [1mSELECT  "users".* FROM "users" WHERE "users"."id" = ? LIMIT 1[0m  [["id", nil]]
Completed 500 Internal Server Error in 26ms (ActiveRecord: 0.5ms)

ActiveRecord::RecordNotFound (Couldn't find User with 'id'=):
  app/controllers/application_controller.rb:9:in `current_user'
  app/views/layouts/application.html.erb:20:in `_app_views_layouts_application_html_erb___3319634515401636751_70287742096500'


  Rendered /Users/kexinwu/.gem/ruby/2.3.0/gems/actionpack-4.2.6/lib/action_dispatch/middleware/templates/rescues/_source.erb (4.6ms)
  Rendered /Users/kexinwu/.gem/ruby/2.3.0/gems/actionpack-4.2.6/lib/action_dispatch/middleware/templates/rescues/_trace.html.erb (2.0ms)
  Rendered /Users/kexinwu/.gem/ruby/2.3.0/gems/actionpack-4.2.6/lib/action_dispatch/middleware/templates/rescues/_request_and_response.html.erb (0.7ms)
  Rendered /Users/kexinwu/.gem/ruby/2.3.0/gems/actionpack-4.2.6/lib/action_dispatch/middleware/templates/rescues/diagnostics.html.erb within rescues/layout (44.8ms)
  Rendered /Users/kexinwu/.rbenv/versions/2.3.0/lib/ruby/gems/2.3.0/gems/web-console-2.3.0/lib/web_console/templates/_markup.html.erb (0.3ms)
  Rendered /Users/kexinwu/.rbenv/versions/2.3.0/lib/ruby/gems/2.3.0/gems/web-console-2.3.0/lib/web_console/templates/_inner_console_markup.html.erb within layouts/inlined_string (0.2ms)
  Rendered /Users/kexinwu/.rbenv/versions/2.3.0/lib/ruby/gems/2.3.0/gems/web-console-2.3.0/lib/web_console/templates/_prompt_box_markup.html.erb within layouts/inlined_string (0.2ms)
  Rendered /Users/kexinwu/.rbenv/versions/2.3.0/lib/ruby/gems/2.3.0/gems/web-console-2.3.0/lib/web_console/templates/style.css.erb within layouts/inlined_string (0.4ms)
  Rendered /Users/kexinwu/.rbenv/versions/2.3.0/lib/ruby/gems/2.3.0/gems/web-console-2.3.0/lib/web_console/templates/console.js.erb within layouts/javascript (43.6ms)
  Rendered /Users/kexinwu/.rbenv/versions/2.3.0/lib/ruby/gems/2.3.0/gems/web-console-2.3.0/lib/web_console/templates/main.js.erb within layouts/javascript (0.3ms)
  Rendered /Users/kexinwu/.rbenv/versions/2.3.0/lib/ruby/gems/2.3.0/gems/web-console-2.3.0/lib/web_console/templates/error_page.js.erb within layouts/javascript (0.4ms)
  Rendered /Users/kexinwu/.rbenv/versions/2.3.0/lib/ruby/gems/2.3.0/gems/web-console-2.3.0/lib/web_console/templates/index.html.erb (96.8ms)


Started GET "/users/" for ::1 at 2016-04-13 20:40:08 -0400

ActionController::RoutingError (No route matches [GET] "/users"):
  actionpack (4.2.6) lib/action_dispatch/middleware/debug_exceptions.rb:21:in `call'
  web-console (2.3.0) lib/web_console/middleware.rb:28:in `block in call'
  web-console (2.3.0) lib/web_console/middleware.rb:18:in `catch'
  web-console (2.3.0) lib/web_console/middleware.rb:18:in `call'
  actionpack (4.2.6) lib/action_dispatch/middleware/show_exceptions.rb:30:in `call'
  railties (4.2.6) lib/rails/rack/logger.rb:38:in `call_app'
  railties (4.2.6) lib/rails/rack/logger.rb:20:in `block in call'
  activesupport (4.2.6) lib/active_support/tagged_logging.rb:68:in `block in tagged'
  activesupport (4.2.6) lib/active_support/tagged_logging.rb:26:in `tagged'
  activesupport (4.2.6) lib/active_support/tagged_logging.rb:68:in `tagged'
  railties (4.2.6) lib/rails/rack/logger.rb:20:in `call'
  actionpack (4.2.6) lib/action_dispatch/middleware/request_id.rb:21:in `call'
  rack (1.6.4) lib/rack/methodoverride.rb:22:in `call'
  rack (1.6.4) lib/rack/runtime.rb:18:in `call'
  activesupport (4.2.6) lib/active_support/cache/strategy/local_cache_middleware.rb:28:in `call'
  rack (1.6.4) lib/rack/lock.rb:17:in `call'
  actionpack (4.2.6) lib/action_dispatch/middleware/static.rb:120:in `call'
  rack (1.6.4) lib/rack/sendfile.rb:113:in `call'
  railties (4.2.6) lib/rails/engine.rb:518:in `call'
  railties (4.2.6) lib/rails/application.rb:165:in `call'
  rack (1.6.4) lib/rack/lock.rb:17:in `call'
  rack (1.6.4) lib/rack/content_length.rb:15:in `call'
  rack (1.6.4) lib/rack/handler/webrick.rb:88:in `service'
  /Users/kexinwu/.rbenv/versions/2.3.0/lib/ruby/2.3.0/webrick/httpserver.rb:140:in `service'
  /Users/kexinwu/.rbenv/versions/2.3.0/lib/ruby/2.3.0/webrick/httpserver.rb:96:in `run'
  /Users/kexinwu/.rbenv/versions/2.3.0/lib/ruby/2.3.0/webrick/server.rb:296:in `block in start_thread'


  Rendered /Users/kexinwu/.gem/ruby/2.3.0/gems/actionpack-4.2.6/lib/action_dispatch/middleware/templates/rescues/_trace.html.erb (1.1ms)
  Rendered /Users/kexinwu/.gem/ruby/2.3.0/gems/actionpack-4.2.6/lib/action_dispatch/middleware/templates/routes/_route.html.erb (1.0ms)
  Rendered /Users/kexinwu/.gem/ruby/2.3.0/gems/actionpack-4.2.6/lib/action_dispatch/middleware/templates/routes/_table.html.erb (1.3ms)
  Rendered /Users/kexinwu/.gem/ruby/2.3.0/gems/actionpack-4.2.6/lib/action_dispatch/middleware/templates/rescues/_request_and_response.html.erb (1.8ms)
  Rendered /Users/kexinwu/.gem/ruby/2.3.0/gems/actionpack-4.2.6/lib/action_dispatch/middleware/templates/rescues/routing_error.html.erb within rescues/layout (53.8ms)
  Rendered /Users/kexinwu/.rbenv/versions/2.3.0/lib/ruby/gems/2.3.0/gems/web-console-2.3.0/lib/web_console/templates/_markup.html.erb (0.6ms)
  Rendered /Users/kexinwu/.rbenv/versions/2.3.0/lib/ruby/gems/2.3.0/gems/web-console-2.3.0/lib/web_console/templates/_inner_console_markup.html.erb within layouts/inlined_string (0.3ms)
  Rendered /Users/kexinwu/.rbenv/versions/2.3.0/lib/ruby/gems/2.3.0/gems/web-console-2.3.0/lib/web_console/templates/_prompt_box_markup.html.erb within layouts/inlined_string (0.3ms)
  Rendered /Users/kexinwu/.rbenv/versions/2.3.0/lib/ruby/gems/2.3.0/gems/web-console-2.3.0/lib/web_console/templates/style.css.erb within layouts/inlined_string (0.3ms)
  Rendered /Users/kexinwu/.rbenv/versions/2.3.0/lib/ruby/gems/2.3.0/gems/web-console-2.3.0/lib/web_console/templates/console.js.erb within layouts/javascript (46.8ms)
  Rendered /Users/kexinwu/.rbenv/versions/2.3.0/lib/ruby/gems/2.3.0/gems/web-console-2.3.0/lib/web_console/templates/main.js.erb within layouts/javascript (0.3ms)
  Rendered /Users/kexinwu/.rbenv/versions/2.3.0/lib/ruby/gems/2.3.0/gems/web-console-2.3.0/lib/web_console/templates/error_page.js.erb within layouts/javascript (0.4ms)
  Rendered /Users/kexinwu/.rbenv/versions/2.3.0/lib/ruby/gems/2.3.0/gems/web-console-2.3.0/lib/web_console/templates/index.html.erb (107.0ms)


Started GET "/users/new" for ::1 at 2016-04-13 20:40:13 -0400
Processing by UsersController#new as HTML
  Rendered users/new.html.erb within layouts/application (1.4ms)
  [1m[35mUser Load (0.1ms)[0m  SELECT  "users".* FROM "users" WHERE "users"."id" = ? LIMIT 1  [["id", nil]]
Completed 500 Internal Server Error in 22ms (ActiveRecord: 0.1ms)

ActiveRecord::RecordNotFound (Couldn't find User with 'id'=):
  app/controllers/application_controller.rb:9:in `current_user'
  app/views/layouts/application.html.erb:20:in `_app_views_layouts_application_html_erb___3319634515401636751_70287742096500'


  Rendered /Users/kexinwu/.gem/ruby/2.3.0/gems/actionpack-4.2.6/lib/action_dispatch/middleware/templates/rescues/_source.erb (4.7ms)
  Rendered /Users/kexinwu/.gem/ruby/2.3.0/gems/actionpack-4.2.6/lib/action_dispatch/middleware/templates/rescues/_trace.html.erb (2.0ms)
  Rendered /Users/kexinwu/.gem/ruby/2.3.0/gems/actionpack-4.2.6/lib/action_dispatch/middleware/templates/rescues/_request_and_response.html.erb (0.8ms)
  Rendered /Users/kexinwu/.gem/ruby/2.3.0/gems/actionpack-4.2.6/lib/action_dispatch/middleware/templates/rescues/diagnostics.html.erb within rescues/layout (42.7ms)
  Rendered /Users/kexinwu/.rbenv/versions/2.3.0/lib/ruby/gems/2.3.0/gems/web-console-2.3.0/lib/web_console/templates/_markup.html.erb (0.4ms)
  Rendered /Users/kexinwu/.rbenv/versions/2.3.0/lib/ruby/gems/2.3.0/gems/web-console-2.3.0/lib/web_console/templates/_inner_console_markup.html.erb within layouts/inlined_string (0.4ms)
  Rendered /Users/kexinwu/.rbenv/versions/2.3.0/lib/ruby/gems/2.3.0/gems/web-console-2.3.0/lib/web_console/templates/_prompt_box_markup.html.erb within layouts/inlined_string (0.4ms)
  Rendered /Users/kexinwu/.rbenv/versions/2.3.0/lib/ruby/gems/2.3.0/gems/web-console-2.3.0/lib/web_console/templates/style.css.erb within layouts/inlined_string (0.3ms)
  Rendered /Users/kexinwu/.rbenv/versions/2.3.0/lib/ruby/gems/2.3.0/gems/web-console-2.3.0/lib/web_console/templates/console.js.erb within layouts/javascript (44.4ms)
  Rendered /Users/kexinwu/.rbenv/versions/2.3.0/lib/ruby/gems/2.3.0/gems/web-console-2.3.0/lib/web_console/templates/main.js.erb within layouts/javascript (0.4ms)
  Rendered /Users/kexinwu/.rbenv/versions/2.3.0/lib/ruby/gems/2.3.0/gems/web-console-2.3.0/lib/web_console/templates/error_page.js.erb within layouts/javascript (0.6ms)
  Rendered /Users/kexinwu/.rbenv/versions/2.3.0/lib/ruby/gems/2.3.0/gems/web-console-2.3.0/lib/web_console/templates/index.html.erb (100.4ms)


Started GET "/users/new" for ::1 at 2016-04-13 20:41:14 -0400
Processing by UsersController#new as HTML
  Rendered users/new.html.erb within layouts/application (1.6ms)
  [1m[36mUser Load (0.2ms)[0m  [1mSELECT  "users".* FROM "users" WHERE "users"."id" = ? LIMIT 1[0m  [["id", 2]]
Completed 200 OK in 27ms (Views: 22.3ms | ActiveRecord: 0.5ms)


Started GET "/users/" for ::1 at 2016-04-13 20:41:22 -0400

ActionController::RoutingError (No route matches [GET] "/users"):
  actionpack (4.2.6) lib/action_dispatch/middleware/debug_exceptions.rb:21:in `call'
  web-console (2.3.0) lib/web_console/middleware.rb:28:in `block in call'
  web-console (2.3.0) lib/web_console/middleware.rb:18:in `catch'
  web-console (2.3.0) lib/web_console/middleware.rb:18:in `call'
  actionpack (4.2.6) lib/action_dispatch/middleware/show_exceptions.rb:30:in `call'
  railties (4.2.6) lib/rails/rack/logger.rb:38:in `call_app'
  railties (4.2.6) lib/rails/rack/logger.rb:20:in `block in call'
  activesupport (4.2.6) lib/active_support/tagged_logging.rb:68:in `block in tagged'
  activesupport (4.2.6) lib/active_support/tagged_logging.rb:26:in `tagged'
  activesupport (4.2.6) lib/active_support/tagged_logging.rb:68:in `tagged'
  railties (4.2.6) lib/rails/rack/logger.rb:20:in `call'
  actionpack (4.2.6) lib/action_dispatch/middleware/request_id.rb:21:in `call'
  rack (1.6.4) lib/rack/methodoverride.rb:22:in `call'
  rack (1.6.4) lib/rack/runtime.rb:18:in `call'
  activesupport (4.2.6) lib/active_support/cache/strategy/local_cache_middleware.rb:28:in `call'
  rack (1.6.4) lib/rack/lock.rb:17:in `call'
  actionpack (4.2.6) lib/action_dispatch/middleware/static.rb:120:in `call'
  rack (1.6.4) lib/rack/sendfile.rb:113:in `call'
  railties (4.2.6) lib/rails/engine.rb:518:in `call'
  railties (4.2.6) lib/rails/application.rb:165:in `call'
  rack (1.6.4) lib/rack/lock.rb:17:in `call'
  rack (1.6.4) lib/rack/content_length.rb:15:in `call'
  rack (1.6.4) lib/rack/handler/webrick.rb:88:in `service'
  /Users/kexinwu/.rbenv/versions/2.3.0/lib/ruby/2.3.0/webrick/httpserver.rb:140:in `service'
  /Users/kexinwu/.rbenv/versions/2.3.0/lib/ruby/2.3.0/webrick/httpserver.rb:96:in `run'
  /Users/kexinwu/.rbenv/versions/2.3.0/lib/ruby/2.3.0/webrick/server.rb:296:in `block in start_thread'


  Rendered /Users/kexinwu/.gem/ruby/2.3.0/gems/actionpack-4.2.6/lib/action_dispatch/middleware/templates/rescues/_trace.html.erb (1.4ms)
  Rendered /Users/kexinwu/.gem/ruby/2.3.0/gems/actionpack-4.2.6/lib/action_dispatch/middleware/templates/routes/_route.html.erb (0.9ms)
  Rendered /Users/kexinwu/.gem/ruby/2.3.0/gems/actionpack-4.2.6/lib/action_dispatch/middleware/templates/routes/_table.html.erb (1.0ms)
  Rendered /Users/kexinwu/.gem/ruby/2.3.0/gems/actionpack-4.2.6/lib/action_dispatch/middleware/templates/rescues/_request_and_response.html.erb (1.1ms)
  Rendered /Users/kexinwu/.gem/ruby/2.3.0/gems/actionpack-4.2.6/lib/action_dispatch/middleware/templates/rescues/routing_error.html.erb within rescues/layout (52.9ms)
  Rendered /Users/kexinwu/.rbenv/versions/2.3.0/lib/ruby/gems/2.3.0/gems/web-console-2.3.0/lib/web_console/templates/_markup.html.erb (0.4ms)
  Rendered /Users/kexinwu/.rbenv/versions/2.3.0/lib/ruby/gems/2.3.0/gems/web-console-2.3.0/lib/web_console/templates/_inner_console_markup.html.erb within layouts/inlined_string (0.5ms)
  Rendered /Users/kexinwu/.rbenv/versions/2.3.0/lib/ruby/gems/2.3.0/gems/web-console-2.3.0/lib/web_console/templates/_prompt_box_markup.html.erb within layouts/inlined_string (0.3ms)
  Rendered /Users/kexinwu/.rbenv/versions/2.3.0/lib/ruby/gems/2.3.0/gems/web-console-2.3.0/lib/web_console/templates/style.css.erb within layouts/inlined_string (0.4ms)
  Rendered /Users/kexinwu/.rbenv/versions/2.3.0/lib/ruby/gems/2.3.0/gems/web-console-2.3.0/lib/web_console/templates/console.js.erb within layouts/javascript (48.2ms)
  Rendered /Users/kexinwu/.rbenv/versions/2.3.0/lib/ruby/gems/2.3.0/gems/web-console-2.3.0/lib/web_console/templates/main.js.erb within layouts/javascript (0.3ms)
  Rendered /Users/kexinwu/.rbenv/versions/2.3.0/lib/ruby/gems/2.3.0/gems/web-console-2.3.0/lib/web_console/templates/error_page.js.erb within layouts/javascript (0.4ms)
  Rendered /Users/kexinwu/.rbenv/versions/2.3.0/lib/ruby/gems/2.3.0/gems/web-console-2.3.0/lib/web_console/templates/index.html.erb (105.3ms)


Started GET "/sessions/new" for ::1 at 2016-04-13 20:42:45 -0400
Processing by SessionsController#new as HTML
  Rendered sessions/new.html.erb within layouts/application (0.5ms)
  [1m[35mUser Load (0.1ms)[0m  SELECT  "users".* FROM "users" WHERE "users"."id" = ? LIMIT 1  [["id", 2]]
Completed 200 OK in 21ms (Views: 20.0ms | ActiveRecord: 0.1ms)


Started GET "/sessions/" for ::1 at 2016-04-13 20:42:48 -0400

ActionController::RoutingError (No route matches [GET] "/sessions"):
  actionpack (4.2.6) lib/action_dispatch/middleware/debug_exceptions.rb:21:in `call'
  web-console (2.3.0) lib/web_console/middleware.rb:28:in `block in call'
  web-console (2.3.0) lib/web_console/middleware.rb:18:in `catch'
  web-console (2.3.0) lib/web_console/middleware.rb:18:in `call'
  actionpack (4.2.6) lib/action_dispatch/middleware/show_exceptions.rb:30:in `call'
  railties (4.2.6) lib/rails/rack/logger.rb:38:in `call_app'
  railties (4.2.6) lib/rails/rack/logger.rb:20:in `block in call'
  activesupport (4.2.6) lib/active_support/tagged_logging.rb:68:in `block in tagged'
  activesupport (4.2.6) lib/active_support/tagged_logging.rb:26:in `tagged'
  activesupport (4.2.6) lib/active_support/tagged_logging.rb:68:in `tagged'
  railties (4.2.6) lib/rails/rack/logger.rb:20:in `call'
  actionpack (4.2.6) lib/action_dispatch/middleware/request_id.rb:21:in `call'
  rack (1.6.4) lib/rack/methodoverride.rb:22:in `call'
  rack (1.6.4) lib/rack/runtime.rb:18:in `call'
  activesupport (4.2.6) lib/active_support/cache/strategy/local_cache_middleware.rb:28:in `call'
  rack (1.6.4) lib/rack/lock.rb:17:in `call'
  actionpack (4.2.6) lib/action_dispatch/middleware/static.rb:120:in `call'
  rack (1.6.4) lib/rack/sendfile.rb:113:in `call'
  railties (4.2.6) lib/rails/engine.rb:518:in `call'
  railties (4.2.6) lib/rails/application.rb:165:in `call'
  rack (1.6.4) lib/rack/lock.rb:17:in `call'
  rack (1.6.4) lib/rack/content_length.rb:15:in `call'
  rack (1.6.4) lib/rack/handler/webrick.rb:88:in `service'
  /Users/kexinwu/.rbenv/versions/2.3.0/lib/ruby/2.3.0/webrick/httpserver.rb:140:in `service'
  /Users/kexinwu/.rbenv/versions/2.3.0/lib/ruby/2.3.0/webrick/httpserver.rb:96:in `run'
  /Users/kexinwu/.rbenv/versions/2.3.0/lib/ruby/2.3.0/webrick/server.rb:296:in `block in start_thread'


  Rendered /Users/kexinwu/.gem/ruby/2.3.0/gems/actionpack-4.2.6/lib/action_dispatch/middleware/templates/rescues/_trace.html.erb (1.1ms)
  Rendered /Users/kexinwu/.gem/ruby/2.3.0/gems/actionpack-4.2.6/lib/action_dispatch/middleware/templates/routes/_route.html.erb (0.8ms)
  Rendered /Users/kexinwu/.gem/ruby/2.3.0/gems/actionpack-4.2.6/lib/action_dispatch/middleware/templates/routes/_table.html.erb (0.9ms)
  Rendered /Users/kexinwu/.gem/ruby/2.3.0/gems/actionpack-4.2.6/lib/action_dispatch/middleware/templates/rescues/_request_and_response.html.erb (1.0ms)
  Rendered /Users/kexinwu/.gem/ruby/2.3.0/gems/actionpack-4.2.6/lib/action_dispatch/middleware/templates/rescues/routing_error.html.erb within rescues/layout (53.4ms)
  Rendered /Users/kexinwu/.rbenv/versions/2.3.0/lib/ruby/gems/2.3.0/gems/web-console-2.3.0/lib/web_console/templates/_markup.html.erb (0.5ms)
  Rendered /Users/kexinwu/.rbenv/versions/2.3.0/lib/ruby/gems/2.3.0/gems/web-console-2.3.0/lib/web_console/templates/_inner_console_markup.html.erb within layouts/inlined_string (0.5ms)
  Rendered /Users/kexinwu/.rbenv/versions/2.3.0/lib/ruby/gems/2.3.0/gems/web-console-2.3.0/lib/web_console/templates/_prompt_box_markup.html.erb within layouts/inlined_string (0.3ms)
  Rendered /Users/kexinwu/.rbenv/versions/2.3.0/lib/ruby/gems/2.3.0/gems/web-console-2.3.0/lib/web_console/templates/style.css.erb within layouts/inlined_string (0.3ms)
  Rendered /Users/kexinwu/.rbenv/versions/2.3.0/lib/ruby/gems/2.3.0/gems/web-console-2.3.0/lib/web_console/templates/console.js.erb within layouts/javascript (48.7ms)
  Rendered /Users/kexinwu/.rbenv/versions/2.3.0/lib/ruby/gems/2.3.0/gems/web-console-2.3.0/lib/web_console/templates/main.js.erb within layouts/javascript (0.3ms)
  Rendered /Users/kexinwu/.rbenv/versions/2.3.0/lib/ruby/gems/2.3.0/gems/web-console-2.3.0/lib/web_console/templates/error_page.js.erb within layouts/javascript (0.4ms)
  Rendered /Users/kexinwu/.rbenv/versions/2.3.0/lib/ruby/gems/2.3.0/gems/web-console-2.3.0/lib/web_console/templates/index.html.erb (103.5ms)


Started GET "/sessions/new" for ::1 at 2016-04-13 20:44:02 -0400
Processing by SessionsController#new as HTML
  Rendered sessions/new.html.erb within layouts/application (0.8ms)
  [1m[36mUser Load (0.1ms)[0m  [1mSELECT  "users".* FROM "users" WHERE "users"."id" = ? LIMIT 1[0m  [["id", 2]]
Completed 200 OK in 20ms (Views: 19.9ms | ActiveRecord: 0.1ms)


Started POST "/sessions" for ::1 at 2016-04-13 20:44:09 -0400
Processing by SessionsController#create as HTML
  Parameters: {"utf8"=>"✓", "authenticity_token"=>"ZnywqBrWE+3CPuBSUywk9KE2uqb4J5tD1xaLc8ZDDXN23PTUZPjqoSKS4nw64BH8101ySeU6gvwXJ2nL6hJM+A==", "email"=>"axiner.w@gmail.com", "password"=>"[FILTERED]", "commit"=>"log in"}
  [1m[35mUser Load (0.2ms)[0m  SELECT  "users".* FROM "users" WHERE "users"."email" = ? LIMIT 1  [["email", "axiner.w@gmail.com"]]
Redirected to http://localhost:3000/products
Completed 302 Found in 67ms (ActiveRecord: 0.2ms)


Started GET "/products" for ::1 at 2016-04-13 20:44:10 -0400
Processing by ProductsController#index as HTML
  [1m[36mProduct Load (0.1ms)[0m  [1mSELECT "products".* FROM "products"[0m
  Rendered products/index.html.erb within layouts/application (3.1ms)
  [1m[35mUser Load (0.1ms)[0m  SELECT  "users".* FROM "users" WHERE "users"."id" = ? LIMIT 1  [["id", 2]]
Completed 200 OK in 22ms (Views: 19.5ms | ActiveRecord: 0.4ms)


Started DELETE "/sessions/current" for ::1 at 2016-04-13 20:44:14 -0400
Processing by SessionsController#destroy as HTML
  Parameters: {"authenticity_token"=>"Fc322adafGIjHbtL0O0UP8LDUhy2bIYIhqGuAE6EaBoFbbKl2XSFLsOxuWW5ISE3tLia86txn7dGkEy4YtUpkQ==", "id"=>"current"}
Redirected to http://localhost:3000/products
Completed 302 Found in 1ms (ActiveRecord: 0.0ms)


Started GET "/products" for ::1 at 2016-04-13 20:44:14 -0400
Processing by ProductsController#index as HTML
  [1m[36mProduct Load (0.1ms)[0m  [1mSELECT "products".* FROM "products"[0m
  Rendered products/index.html.erb within layouts/application (0.5ms)
Completed 200 OK in 18ms (Views: 17.0ms | ActiveRecord: 0.1ms)
